Removed Pin From Net: NetName=RFO_PWM Pin=1-4
Removed Pin From Net: NetName=RTC_PWM Pin=1-7
Removed Pin From Net: NetName=RFI_PWM Pin=1-14
Removed Pin From Net: NetName=LBI_PWM Pin=1-17
Removed Pin From Net: NetName=RSTB2_PWM Pin=2-4
Removed Pin From Net: NetName=RSTB1_PWM Pin=2-7
Removed Pin From Net: NetName=LBO_PWM Pin=2-17
Removed Pin From Net: NetName=LTC_PWM Pin=3-4
Removed Pin From Net: NetName=LFO_PWM Pin=3-7
Removed Pin From Net: NetName=RBI_PWM Pin=3-14
Removed Pin From Net: NetName=LFI_PWM Pin=3-17
Removed Pin From Net: NetName=LSTB2_PWM Pin=4-4
Removed Pin From Net: NetName=LSTB1_PWM Pin=4-7
Removed Pin From Net: NetName=RBO_PWM Pin=4-14
Removed Pin From Net: NetName=VCC_14V Pin=Q1-2
Removed Pin From Net: NetName=MOTOR+ Pin=Q1-3
Removed Pin From Net: NetName=MOTOR+ Pin=Q2-2
Removed Pin From Net: NetName=POWERGND Pin=Q2-3
Removed Member From Class: ClassName=23D_ESC_DRIVER Member=Q1
Removed Member From Class: ClassName=23D_ESC_DRIVER Member=Q2
Change Component Designator: OldDesignator=C8 NewDesignator=C7
Change Component Designator: OldDesignator=C9 NewDesignator=C8
Change Component Designator: OldDesignator=C10 NewDesignator=C9
Change Component Designator: OldDesignator=C11 NewDesignator=C10
Change Component Designator: OldDesignator=C12 NewDesignator=C11
Change Component Designator: OldDesignator=C13 NewDesignator=C12
Change Component Designator: OldDesignator=C14 NewDesignator=C13
Change Component Designator: OldDesignator=C15 NewDesignator=C14
Change Component Designator: OldDesignator=C16 NewDesignator=C15
Change Component Designator: OldDesignator=C17 NewDesignator=C16
Change Component Designator: OldDesignator=C18 NewDesignator=C17
Change Component Designator: OldDesignator=C19 NewDesignator=C18
Change Component Designator: OldDesignator=C20 NewDesignator=C19
Change Component Designator: OldDesignator=C21 NewDesignator=C20
Change Component Designator: OldDesignator=C22 NewDesignator=C21
Change Component Designator: OldDesignator=VT1 NewDesignator=VT2
Added Component: Designator=VT1(TO263-3B)
Added Component: Designator=VT3(TO263-3B)
Added Pin To Net: NetName=LBI_PWM Pin=1-4
Added Pin To Net: NetName=RFI_PWM Pin=1-7
Added Pin To Net: NetName=RTC_PWM Pin=1-14
Added Pin To Net: NetName=RFO_PWM Pin=1-17
Added Pin To Net: NetName=LBO_PWM Pin=2-4
Added Pin To Net: NetName=RSTB1_PWM Pin=2-14
Added Pin To Net: NetName=RSTB2_PWM Pin=2-17
Added Pin To Net: NetName=LFI_PWM Pin=3-4
Added Pin To Net: NetName=RBI_PWM Pin=3-7
Added Pin To Net: NetName=LFO_PWM Pin=3-14
Added Pin To Net: NetName=LTC_PWM Pin=3-17
Added Pin To Net: NetName=RBO_PWM Pin=4-7
Added Pin To Net: NetName=LSTB1_PWM Pin=4-14
Added Pin To Net: NetName=LSTB2_PWM Pin=4-17
Added Pin To Net: NetName=MOTOR+ Pin=VT1-3
Added Pin To Net: NetName=MOTOR+ Pin=VT3-2
Added Pin To Net: NetName=POWERGND Pin=VT3-3
Added Pin To Net: NetName=NetR1_2 Pin=R1-2
Added Pin To Net: NetName=NetR1_2 Pin=VT1-1
Added Net: Name=NetR1_2
Added Pin To Net: NetName=NetR8_2 Pin=R8-2
Added Pin To Net: NetName=NetR8_2 Pin=VT3-1
Added Net: Name=NetR8_2
Added Member To Class: ClassName=23D_ESC_DRIVER Member=Component CN1 MX34032NF2
Added Member To Class: ClassName=23D_ESC_DRIVER Member=Component VT2 SQD40N06
Added Member To Class: ClassName=23D_ESC_DRIVER Member=Component VT3 SQD40N06
Added Room: Name=23D_ESC_DRIVER
