Removed Pin From Net: NetName=RFO_PWM Pin=1-4
Removed Pin From Net: NetName=RTC_PWM Pin=1-7
Removed Pin From Net: NetName=RFI_PWM Pin=1-14
Removed Pin From Net: NetName=LBI_PWM Pin=1-17
Removed Pin From Net: NetName=RSTB2_PWM Pin=2-4
Removed Pin From Net: NetName=RSTB1_PWM Pin=2-7
Removed Pin From Net: NetName=LBO_PWM Pin=2-17
Removed Pin From Net: NetName=LTC_PWM Pin=3-4
Removed Pin From Net: NetName=LFO_PWM Pin=3-7
Removed Pin From Net: NetName=RBI_PWM Pin=3-14
Removed Pin From Net: NetName=LFI_PWM Pin=3-17
Removed Pin From Net: NetName=LSTB2_PWM Pin=4-4
Removed Pin From Net: NetName=LSTB1_PWM Pin=4-7
Removed Pin From Net: NetName=RBO_PWM Pin=4-14
Removed Pin From Net: NetName=POWERGND Pin=C9-1
Removed Pin From Net: NetName=LSTB1_OUT Pin=C9-2
Removed Pin From Net: NetName=RSTB2_OUT Pin=C10-1
Removed Pin From Net: NetName=POWERGND Pin=C10-2
Removed Pin From Net: NetName=POWERGND Pin=C11-1
Removed Pin From Net: NetName=LSTB2_OUT Pin=C11-2
Removed Pin From Net: NetName=RSTB1_OUT Pin=C12-1
Removed Pin From Net: NetName=POWERGND Pin=C12-2
Removed Pin From Net: NetName=POWERGND Pin=C13-1
Removed Pin From Net: NetName=RBO_OUT Pin=C13-2
Removed Pin From Net: NetName=LBO_OUT Pin=C14-1
Removed Pin From Net: NetName=POWERGND Pin=C14-2
Removed Pin From Net: NetName=POWERGND Pin=C15-1
Removed Pin From Net: NetName=LFO_OUT Pin=C15-2
Removed Pin From Net: NetName=RFO_OUT Pin=C16-1
Removed Pin From Net: NetName=POWERGND Pin=C16-2
Removed Pin From Net: NetName=POWERGND Pin=C17-1
Removed Pin From Net: NetName=LTC_OUT Pin=C17-2
Removed Pin From Net: NetName=RTC_OUT Pin=C18-1
Removed Pin From Net: NetName=POWERGND Pin=C18-2
Removed Pin From Net: NetName=POWERGND Pin=C19-1
Removed Pin From Net: NetName=LFI_OUT Pin=C19-2
Removed Pin From Net: NetName=RFI_OUT Pin=C20-1
Removed Pin From Net: NetName=POWERGND Pin=C20-2
Removed Pin From Net: NetName=POWERGND Pin=C21-1
Removed Pin From Net: NetName=RBI_OUT Pin=C21-2
Removed Pin From Net: NetName=LBI_OUT Pin=C22-1
Removed Pin From Net: NetName=POWERGND Pin=C22-2
Removed Pin From Net: NetName=MOTOR+ Pin=CN1-1
Removed Pin From Net: NetName=MOTOR+ Pin=CN1-2
Removed Pin From Net: NetName=POWERGND Pin=CN1-3
Removed Pin From Net: NetName=POWERGND Pin=CN1-4
Removed Pin From Net: NetName=LSTB1_OUT Pin=CN1-5
Removed Pin From Net: NetName=RSTB2_OUT Pin=CN1-6
Removed Pin From Net: NetName=VALVES+ Pin=CN1-7
Removed Pin From Net: NetName=VALVES+ Pin=CN1-8
Removed Pin From Net: NetName=LSTB2_OUT Pin=CN1-9
Removed Pin From Net: NetName=RSTB1_OUT Pin=CN1-10
Removed Pin From Net: NetName=RBO_OUT Pin=CN1-11
Removed Pin From Net: NetName=VALVES+ Pin=CN1-12
Removed Pin From Net: NetName=VALVES+ Pin=CN1-13
Removed Pin From Net: NetName=LBO_OUT Pin=CN1-14
Removed Pin From Net: NetName=LFO_OUT Pin=CN1-15
Removed Pin From Net: NetName=VALVES+ Pin=CN1-16
Removed Pin From Net: NetName=VALVES+ Pin=CN1-17
Removed Pin From Net: NetName=RFO_OUT Pin=CN1-18
Removed Pin From Net: NetName=VALVES+ Pin=CN1-19
Removed Pin From Net: NetName=VALVES+ Pin=CN1-20
Removed Pin From Net: NetName=LTC_OUT Pin=CN1-21
Removed Pin From Net: NetName=RTC_OUT Pin=CN1-22
Removed Pin From Net: NetName=VALVES+ Pin=CN1-23
Removed Pin From Net: NetName=VALVES+ Pin=CN1-24
Removed Pin From Net: NetName=LFI_OUT Pin=CN1-25
Removed Pin From Net: NetName=RFI_OUT Pin=CN1-26
Removed Pin From Net: NetName=RBI_OUT Pin=CN1-27
Removed Pin From Net: NetName=VALVES+ Pin=CN1-28
Removed Pin From Net: NetName=VALVES+ Pin=CN1-29
Removed Pin From Net: NetName=LBI_OUT Pin=CN1-30
Removed Pin From Net: NetName=RBO_PWM Pin=J5-9
Removed Pin From Net: NetName=LFO_PWM Pin=J5-15
Removed Pin From Net: NetName=LTC_PWM Pin=J5-16
Removed Pin From Net: NetName=VCC_14V Pin=Q1-2
Removed Pin From Net: NetName=MOTOR+ Pin=Q1-3
Removed Pin From Net: NetName=MOTOR+ Pin=Q2-2
Removed Pin From Net: NetName=POWERGND Pin=Q2-3
Removed Member From Class: ClassName=23D_ESC_DRIVER Member=C22
Removed Member From Class: ClassName=23D_ESC_DRIVER Member=Q1
Removed Member From Class: ClassName=23D_ESC_DRIVER Member=Q2
Change Component Designator: OldDesignator=C8 NewDesignator=C7
Change Component Designator: OldDesignator=VT1 NewDesignator=VT2
Added Component: Designator=C8(C 0805)
Added Component: Designator=C9(C 0805)
Added Component: Designator=C10(C 0805)
Added Component: Designator=C11(C 0805)
Added Component: Designator=C12(C 0805)
Added Component: Designator=C13(C 0805)
Added Component: Designator=C14(C 0805)
Added Component: Designator=C15(C 0805)
Added Component: Designator=C16(C 0805)
Added Component: Designator=C17(C 0805)
Added Component: Designator=C18(C 0805)
Added Component: Designator=C19(C 0805)
Added Component: Designator=C20(C 0805)
Added Component: Designator=C21(C 0805)
Added Component: Designator=CN1(CONN-TH_MX34032NF2)
Added Component: Designator=VT1(TO263-3B)
Added Component: Designator=VT3(TO263-3B)
Added Pin To Net: NetName=LBI_PWM Pin=1-4
Added Pin To Net: NetName=RFI_PWM Pin=1-7
Added Pin To Net: NetName=RTC_PWM Pin=1-14
Added Pin To Net: NetName=RFO_PWM Pin=1-17
Added Pin To Net: NetName=LBO_PWM Pin=2-4
Added Pin To Net: NetName=RSTB1_PWM Pin=2-14
Added Pin To Net: NetName=RSTB2_PWM Pin=2-17
Added Pin To Net: NetName=LFI_PWM Pin=3-4
Added Pin To Net: NetName=RBI_PWM Pin=3-7
Added Pin To Net: NetName=LFO_PWM Pin=3-14
Added Pin To Net: NetName=LTC_PWM Pin=3-17
Added Pin To Net: NetName=RBO_PWM Pin=4-7
Added Pin To Net: NetName=LSTB1_PWM Pin=4-14
Added Pin To Net: NetName=LSTB2_PWM Pin=4-17
Added Pin To Net: NetName=LBI_OUT Pin=C8-1
Added Pin To Net: NetName=POWERGND Pin=C8-2
Added Pin To Net: NetName=POWERGND Pin=C9-1
Added Pin To Net: NetName=RBI_OUT Pin=C9-2
Added Pin To Net: NetName=POWERGND Pin=C10-1
Added Pin To Net: NetName=LFI_OUT Pin=C10-2
Added Pin To Net: NetName=RFI_OUT Pin=C11-1
Added Pin To Net: NetName=POWERGND Pin=C11-2
Added Pin To Net: NetName=POWERGND Pin=C12-1
Added Pin To Net: NetName=LTC_OUT Pin=C12-2
Added Pin To Net: NetName=RTC_OUT Pin=C13-1
Added Pin To Net: NetName=POWERGND Pin=C13-2
Added Pin To Net: NetName=RFO_OUT Pin=C14-1
Added Pin To Net: NetName=POWERGND Pin=C14-2
Added Pin To Net: NetName=POWERGND Pin=C15-1
Added Pin To Net: NetName=LFO_OUT Pin=C15-2
Added Pin To Net: NetName=LBO_OUT Pin=C16-1
Added Pin To Net: NetName=POWERGND Pin=C16-2
Added Pin To Net: NetName=POWERGND Pin=C17-1
Added Pin To Net: NetName=RBO_OUT Pin=C17-2
Added Pin To Net: NetName=POWERGND Pin=C18-1
Added Pin To Net: NetName=LSTB2_OUT Pin=C18-2
Added Pin To Net: NetName=RSTB1_OUT Pin=C19-1
Added Pin To Net: NetName=POWERGND Pin=C19-2
Added Pin To Net: NetName=POWERGND Pin=C20-1
Added Pin To Net: NetName=LSTB1_OUT Pin=C20-2
Added Pin To Net: NetName=RSTB2_OUT Pin=C21-1
Added Pin To Net: NetName=POWERGND Pin=C21-2
Added Pin To Net: NetName=VALVES+ Pin=CN1-3
Added Pin To Net: NetName=LBI_OUT Pin=CN1-4
Added Pin To Net: NetName=RBI_OUT Pin=CN1-5
Added Pin To Net: NetName=VALVES+ Pin=CN1-6
Added Pin To Net: NetName=LFI_OUT Pin=CN1-7
Added Pin To Net: NetName=RFI_OUT Pin=CN1-8
Added Pin To Net: NetName=VALVES+ Pin=CN1-9
Added Pin To Net: NetName=VALVES+ Pin=CN1-10
Added Pin To Net: NetName=LTC_OUT Pin=CN1-11
Added Pin To Net: NetName=RTC_OUT Pin=CN1-12
Added Pin To Net: NetName=VALVES+ Pin=CN1-13
Added Pin To Net: NetName=VALVES+ Pin=CN1-14
Added Pin To Net: NetName=VALVES+ Pin=CN1-15
Added Pin To Net: NetName=RFO_OUT Pin=CN1-16
Added Pin To Net: NetName=LFO_OUT Pin=CN1-17
Added Pin To Net: NetName=VALVES+ Pin=CN1-18
Added Pin To Net: NetName=VALVES+ Pin=CN1-19
Added Pin To Net: NetName=LBO_OUT Pin=CN1-20
Added Pin To Net: NetName=RBO_OUT Pin=CN1-21
Added Pin To Net: NetName=VALVES+ Pin=CN1-22
Added Pin To Net: NetName=LSTB2_OUT Pin=CN1-23
Added Pin To Net: NetName=RSTB1_OUT Pin=CN1-24
Added Pin To Net: NetName=VALVES+ Pin=CN1-25
Added Pin To Net: NetName=VALVES+ Pin=CN1-26
Added Pin To Net: NetName=LSTB1_OUT Pin=CN1-27
Added Pin To Net: NetName=RSTB2_OUT Pin=CN1-28
Added Pin To Net: NetName=POWERGND Pin=CN1-29
Added Pin To Net: NetName=POWERGND Pin=CN1-30
Added Pin To Net: NetName=MOTOR+ Pin=CN1-31
Added Pin To Net: NetName=MOTOR+ Pin=CN1-32
Added Pin To Net: NetName=LSTB1_PWM Pin=J5-9
Added Pin To Net: NetName=RBI_PWM Pin=J5-15
Added Pin To Net: NetName=LFI_PWM Pin=J5-16
Added Pin To Net: NetName=VCC_14V Pin=VT1-2
Added Pin To Net: NetName=MOTOR+ Pin=VT1-3
Added Pin To Net: NetName=MOTOR+ Pin=VT3-2
Added Pin To Net: NetName=POWERGND Pin=VT3-3
Added Pin To Net: NetName=NetR1_2 Pin=R1-2
Added Pin To Net: NetName=NetR1_2 Pin=VT1-1
Added Net: Name=NetR1_2
Added Pin To Net: NetName=NetR8_2 Pin=R8-2
Added Pin To Net: NetName=NetR8_2 Pin=VT3-1
Added Net: Name=NetR8_2
Added Member To Class: ClassName=23D_ESC_DRIVER Member=Component C8 2.2uF
Added Member To Class: ClassName=23D_ESC_DRIVER Member=Component CN1 MX34032NF2
Added Member To Class: ClassName=23D_ESC_DRIVER Member=Component VT2 SQD40N06
Added Member To Class: ClassName=23D_ESC_DRIVER Member=Component VT3 SQD40N06
Added Room: Name=23D_ESC_DRIVER
