Removed Pin From Net: NetName=VCC_5V Pin=U6-1
Removed Pin From Net: NetName=VCC_5V Pin=U6-1
Removed Pin From Net: NetName=VCC_5V Pin=U6-2
Removed Pin From Net: NetName=VCC_5V Pin=U6-2
Removed Pin From Net: NetName=GND_D Pin=U6-3
Removed Pin From Net: NetName=GND_D Pin=U6-3
Removed Pin From Net: NetName=GND_D Pin=U6-4
Removed Pin From Net: NetName=GND_D Pin=U6-4
Removed Pin From Net: NetName=GND_D Pin=U6-5
Removed Pin From Net: NetName=GND_D Pin=U6-5
Removed Pin From Net: NetName=GND_D Pin=U6-6
Removed Pin From Net: NetName=GND_D Pin=U6-6
Removed Pin From Net: NetName=VCC_14V Pin=U6-7
Removed Pin From Net: NetName=VCC_14V Pin=U6-7
Removed Pin From Net: NetName=VCC_14V Pin=U6-8
Removed Pin From Net: NetName=VCC_14V Pin=U6-8
Removed Member From Class: ClassName=23D_ESC_Controller Member=U6
Added Component: Designator=U?(DM02)
Added Pin To Net: NetName=LBI Pin=*1-4
Added Pin To Net: NetName=LBO Pin=*1-4
Added Pin To Net: NetName=LFI Pin=*1-4
Added Pin To Net: NetName=LFO Pin=*1-4
Added Pin To Net: NetName=LSTB1 Pin=*1-4
Added Pin To Net: NetName=LSTB2 Pin=*1-4
Added Pin To Net: NetName=LTC Pin=*1-4
Added Pin To Net: NetName=RBI Pin=*1-4
Added Pin To Net: NetName=RBO Pin=*1-4
Added Pin To Net: NetName=RFI Pin=*1-4
Added Pin To Net: NetName=RFO Pin=*1-4
Added Pin To Net: NetName=L9349_ENABLE Pin=*2-4
Added Pin To Net: NetName=LBI_STA Pin=*2-4
Added Pin To Net: NetName=LBO_STA Pin=*2-4
Added Pin To Net: NetName=LFI_STA Pin=*2-4
Added Pin To Net: NetName=LFO_STA Pin=*2-4
Added Pin To Net: NetName=LSTB1_STA Pin=*2-4
Added Pin To Net: NetName=LSTB2_STA Pin=*2-4
Added Pin To Net: NetName=LTC_STA Pin=*2-4
Added Pin To Net: NetName=RBI_STA Pin=*2-4
Added Pin To Net: NetName=RBO_STA Pin=*2-4
Added Pin To Net: NetName=RFI_STA Pin=*2-4
Added Pin To Net: NetName=RFO_STA Pin=*2-4
Added Pin To Net: NetName=VCC_5V Pin=U?-1
Added Pin To Net: NetName=VCC_5V Pin=U?-2
Added Pin To Net: NetName=GND_D Pin=U?-3
Added Pin To Net: NetName=GND_D Pin=U?-4
Added Pin To Net: NetName=GND_D Pin=U?-5
Added Pin To Net: NetName=GND_D Pin=U?-6
Added Pin To Net: NetName=VCC_14V Pin=U?-7
Added Pin To Net: NetName=VCC_14V Pin=U?-8
Added Member To Class: ClassName=23D_ESC_Controller Member=Component U? DM02-XX
Added Room: Name=23D_ESC_Controller
