Removed Pin From Net: NetName=GND_D Pin=*-1
Removed Pin From Net: NetName=GND_D Pin=*-2
Removed Pin From Net: NetName=GND_D Pin=*-3
Removed Pin From Net: NetName=GND_D Pin=*-4
Removed Pin From Net: NetName=GND_D Pin=*-5
Removed Pin From Net: NetName=GND_D Pin=*-6
Removed Pin From Net: NetName=GND_D Pin=*-7
Removed Pin From Net: NetName=GND_D Pin=*-8
Removed Member From Class: ClassName=23D_ESC_Controller Member=*
Added Component: Designator=J?(HDR-TH_20P-P2.54-V-M-1)
Added Pin To Net: NetName=LBI Pin=1-4
Added Pin To Net: NetName=LBO Pin=1-4
Added Pin To Net: NetName=LFI Pin=1-4
Added Pin To Net: NetName=LFO Pin=1-4
Added Pin To Net: NetName=LSTB1 Pin=1-4
Added Pin To Net: NetName=LSTB2 Pin=1-4
Added Pin To Net: NetName=LTC Pin=1-4
Added Pin To Net: NetName=RBI Pin=1-4
Added Pin To Net: NetName=RBO Pin=1-4
Added Pin To Net: NetName=RFI Pin=1-4
Added Pin To Net: NetName=RTC Pin=1-4
Added Pin To Net: NetName=L9349_ENABLE Pin=2-4
Added Pin To Net: NetName=LBI_STA Pin=2-4
Added Pin To Net: NetName=LBO_STA Pin=2-4
Added Pin To Net: NetName=LFI_STA Pin=2-4
Added Pin To Net: NetName=LFO_STA Pin=2-4
Added Pin To Net: NetName=LSTB1_STA Pin=2-4
Added Pin To Net: NetName=LSTB2_STA Pin=2-4
Added Pin To Net: NetName=LTC_STA Pin=2-4
Added Pin To Net: NetName=RBI_STA Pin=2-4
Added Pin To Net: NetName=RBO_STA Pin=2-4
Added Pin To Net: NetName=RFI_STA Pin=2-4
Added Pin To Net: NetName=RTC_STA Pin=2-4
Added Pin To Net: NetName=GND_D Pin=J?-1
Added Pin To Net: NetName=GND_D Pin=J?-2
Added Pin To Net: NetName=GND_D Pin=J?-3
Added Pin To Net: NetName=GND_D Pin=J?-4
Added Pin To Net: NetName=GND_D Pin=J?-5
Added Pin To Net: NetName=GND_D Pin=J?-6
Added Pin To Net: NetName=GND_D Pin=J?-7
Added Pin To Net: NetName=GND_D Pin=J?-8
Added Pin To Net: NetName=GND_D Pin=J?-9
Added Pin To Net: NetName=GND_D Pin=J?-10
Added Pin To Net: NetName=GND_D Pin=J?-11
Added Pin To Net: NetName=GND_D Pin=J?-12
Added Pin To Net: NetName=GND_D Pin=J?-13
Added Pin To Net: NetName=GND_D Pin=J?-14
Added Pin To Net: NetName=GND_D Pin=J?-15
Added Pin To Net: NetName=GND_D Pin=J?-16
Added Pin To Net: NetName=GND_D Pin=J?-17
Added Pin To Net: NetName=GND_D Pin=J?-18
Added Pin To Net: NetName=GND_D Pin=J?-19
Added Pin To Net: NetName=GND_D Pin=J?-20
Added Member To Class: ClassName=23D_ESC_Controller Member=Component J? 2.54-1*20P÷±’Î
Added Room: Name=23D_ESC_Controller
