Change Component Designator: OldDesignator=C? NewDesignator=C2
Change Component Designator: OldDesignator=C? NewDesignator=C3
Change Component Designator: OldDesignator=C? NewDesignator=C4
Change Component Designator: OldDesignator=C? NewDesignator=C5
Change Component Designator: OldDesignator=C? NewDesignator=C6
Change Component Designator: OldDesignator=C? NewDesignator=C7
Change Component Designator: OldDesignator=C? NewDesignator=C8
Change Component Designator: OldDesignator=C? NewDesignator=C9
Change Component Designator: OldDesignator=C? NewDesignator=C10
Change Component Designator: OldDesignator=C? NewDesignator=C11
Change Component Designator: OldDesignator=C? NewDesignator=C12
Change Component Designator: OldDesignator=C? NewDesignator=C13
Change Component Designator: OldDesignator=C? NewDesignator=C14
Change Component Designator: OldDesignator=C? NewDesignator=C15
Change Component Designator: OldDesignator=C? NewDesignator=C16
Change Component Designator: OldDesignator=C? NewDesignator=C19
Change Component Designator: OldDesignator=C? NewDesignator=C20
Change Component Designator: OldDesignator=C? NewDesignator=C21
Change Component Designator: OldDesignator=C? NewDesignator=C22
Change Component Designator: OldDesignator=C? NewDesignator=C23
Change Component Designator: OldDesignator=C? NewDesignator=C24
Change Component Designator: OldDesignator=Y? NewDesignator=Y1
Change Component Designator: OldDesignator=Y? NewDesignator=Y2
Added Component: Designator=L1(L 0805)
Added Component: Designator=R1(R 0805)
Added Component: Designator=R11(R 0805)
Added Pin To Net: NetName=LBI Pin=*1-4
Added Pin To Net: NetName=LBO Pin=*1-4
Added Pin To Net: NetName=LFI Pin=*1-4
Added Pin To Net: NetName=LFO Pin=*1-4
Added Pin To Net: NetName=LSTB1 Pin=*1-4
Added Pin To Net: NetName=LSTB2 Pin=*1-4
Added Pin To Net: NetName=LTC Pin=*1-4
Added Pin To Net: NetName=RBI Pin=*1-4
Added Pin To Net: NetName=RBO Pin=*1-4
Added Pin To Net: NetName=RFI Pin=*1-4
Added Pin To Net: NetName=RFO Pin=*1-4
Added Pin To Net: NetName=L9349_ENABLE Pin=*2-4
Added Pin To Net: NetName=LBI_STA Pin=*2-4
Added Pin To Net: NetName=LBO_STA Pin=*2-4
Added Pin To Net: NetName=LFI_STA Pin=*2-4
Added Pin To Net: NetName=LFO_STA Pin=*2-4
Added Pin To Net: NetName=LSTB1_STA Pin=*2-4
Added Pin To Net: NetName=LSTB2_STA Pin=*2-4
Added Pin To Net: NetName=LTC_STA Pin=*2-4
Added Pin To Net: NetName=RBI_STA Pin=*2-4
Added Pin To Net: NetName=RBO_STA Pin=*2-4
Added Pin To Net: NetName=RFI_STA Pin=*2-4
Added Pin To Net: NetName=RFO_STA Pin=*2-4
Added Pin To Net: NetName=VCC_3V3 Pin=L1-1
Added Pin To Net: NetName=ANL_REF Pin=L1-2
Added Pin To Net: NetName=NetR1_1 Pin=R1-1
Added Pin To Net: NetName=GND_D Pin=R1-2
Added Pin To Net: NetName=NetR11_1 Pin=R11-1
Added Pin To Net: NetName=GND_D Pin=R11-2
Change Net Name : Old Net Name=NetC?_1 New Net Name=NetC12_1
Change Net Name : Old Net Name=NetC?_2 New Net Name=NetC7_2
Added Pin To Net: NetName=NetC4_1 Pin=C4-1
Added Pin To Net: NetName=NetC4_1 Pin=U2-8
Added Pin To Net: NetName=NetC4_1 Pin=Y1-2
Added Net: Name=NetC4_1
Added Pin To Net: NetName=NetC5_1 Pin=C5-1
Added Pin To Net: NetName=NetC5_1 Pin=U2-9
Added Pin To Net: NetName=NetC5_1 Pin=Y1-1
Added Net: Name=NetC5_1
Added Pin To Net: NetName=NetC8_1 Pin=C8-1
Added Pin To Net: NetName=NetC8_1 Pin=U2-13
Added Pin To Net: NetName=NetC8_1 Pin=Y2-1
Added Net: Name=NetC8_1
Added Member To Class: ClassName=23D_ESC_Controller Member=Component C2 104
Added Member To Class: ClassName=23D_ESC_Controller Member=Component C3 104
Added Member To Class: ClassName=23D_ESC_Controller Member=Component C4 104
Added Member To Class: ClassName=23D_ESC_Controller Member=Component C5 104
Added Member To Class: ClassName=23D_ESC_Controller Member=Component C6 104
Added Member To Class: ClassName=23D_ESC_Controller Member=Component C7 104
Added Member To Class: ClassName=23D_ESC_Controller Member=Component C8 104
Added Member To Class: ClassName=23D_ESC_Controller Member=Component C9 104
Added Member To Class: ClassName=23D_ESC_Controller Member=Component C10 104
Added Member To Class: ClassName=23D_ESC_Controller Member=Component C11 104
Added Member To Class: ClassName=23D_ESC_Controller Member=Component C12 104
Added Member To Class: ClassName=23D_ESC_Controller Member=Component C13 104
Added Member To Class: ClassName=23D_ESC_Controller Member=Component C14 104
Added Member To Class: ClassName=23D_ESC_Controller Member=Component C15 104
Added Member To Class: ClassName=23D_ESC_Controller Member=Component C16 104
Added Member To Class: ClassName=23D_ESC_Controller Member=Component C19 104
Added Member To Class: ClassName=23D_ESC_Controller Member=Component C21 104
Added Member To Class: ClassName=23D_ESC_Controller Member=Component C22 104
Added Member To Class: ClassName=23D_ESC_Controller Member=Component C23 104
Added Member To Class: ClassName=23D_ESC_Controller Member=Component C24 104
Added Member To Class: ClassName=23D_ESC_Controller Member=Component L1 100uH
Added Member To Class: ClassName=23D_ESC_Controller Member=Component R1 10k
Added Member To Class: ClassName=23D_ESC_Controller Member=Component R11 10k
Added Member To Class: ClassName=23D_ESC_Controller Member=Component Y1 8M
