Removed Pin From Net: NetName=GND_D Pin=J1-1
Removed Pin From Net: NetName=GND_D Pin=J1-2
Removed Pin From Net: NetName=VCC_14V Pin=J1-3
Removed Pin From Net: NetName=VCC_14V Pin=J1-4
Removed Pin From Net: NetName=PUMP Pin=J1-6
Removed Pin From Net: NetName=RSTB2 Pin=J1-7
Removed Pin From Net: NetName=RSTB1 Pin=J1-8
Removed Pin From Net: NetName=RTC Pin=J1-9
Removed Pin From Net: NetName=LSTB2 Pin=J1-10
Removed Pin From Net: NetName=LSTB1 Pin=J1-11
Removed Pin From Net: NetName=LTC Pin=J1-12
Removed Pin From Net: NetName=RBO Pin=J1-13
Removed Pin From Net: NetName=RBI Pin=J1-14
Removed Pin From Net: NetName=RFO Pin=J1-15
Removed Pin From Net: NetName=RFI Pin=J1-16
Removed Pin From Net: NetName=LBO Pin=J1-17
Removed Pin From Net: NetName=LBI Pin=J1-18
Removed Pin From Net: NetName=LFO Pin=J1-19
Removed Pin From Net: NetName=LFI Pin=J1-20
Added Pin To Net: NetName=LSTB2 Pin=J1-3
Added Pin To Net: NetName=PUMP Pin=J1-4
Added Pin To Net: NetName=LSTB1 Pin=J1-5
Added Pin To Net: NetName=LTC Pin=J1-6
Added Pin To Net: NetName=RBO Pin=J1-7
Added Pin To Net: NetName=RBI Pin=J1-8
Added Pin To Net: NetName=LBO Pin=J1-9
Added Pin To Net: NetName=LBI Pin=J1-10
Added Pin To Net: NetName=PUMP_ENABLE Pin=J1-11
Added Pin To Net: NetName=L9349_ENABLE Pin=J1-12
Added Pin To Net: NetName=VALVES_ENABLE Pin=J1-13
Added Pin To Net: NetName=RFI Pin=J1-14
Added Pin To Net: NetName=LFO Pin=J1-15
Added Pin To Net: NetName=LFI Pin=J1-16
Added Pin To Net: NetName=RTC Pin=J1-17
Added Pin To Net: NetName=RSTB2 Pin=J1-18
Added Pin To Net: NetName=RSTB1 Pin=J1-19
Added Pin To Net: NetName=RFO Pin=J1-20
Added Room: Name=23D_ESC_Controller
