Removed Pin From Net: NetName=LFI Pin=R5-2
Removed Pin From Net: NetName=LFO Pin=R6-2
Removed Pin From Net: NetName=LBI Pin=R7-2
Removed Pin From Net: NetName=LBO Pin=R8-2
Removed Pin From Net: NetName=RFI Pin=R9-2
Removed Pin From Net: NetName=RFO Pin=R11-2
Removed Pin From Net: NetName=RBI Pin=R12-2
Removed Pin From Net: NetName=RBO Pin=R13-2
Removed Pin From Net: NetName=RTC Pin=R15-2
Removed Pin From Net: NetName=RSTB1 Pin=R16-2
Removed Pin From Net: NetName=RSTB2 Pin=R17-2
Removed Pin From Net: NetName=LTC Pin=R18-2
Removed Pin From Net: NetName=LSTB1 Pin=R19-2
Removed Pin From Net: NetName=LSTB2 Pin=R20-2
Removed Pin From Net: NetName=PUMP Pin=R21-2
Removed Pin From Net: NetName=DR3_STA Pin=U1-38
Removed Pin From Net: NetName=DR1_STA Pin=U1-40
Removed Pin From Net: NetName=DR2_STA Pin=U1-46
Removed Pin From Net: NetName=DR4_STA Pin=U1-48
Removed Pin From Net: NetName=PUMP_EN Pin=U1-83
Removed Pin From Net: NetName=L9349_EN Pin=U1-84
Removed Pin From Net: NetName=VALVES_EN Pin=U1-85
Removed Pin From Net: NetName=LFI_PWM Pin=U3-2
Removed Pin From Net: NetName=LFO_PWM Pin=U3-4
Removed Pin From Net: NetName=LBI_PWM Pin=U3-6
Removed Pin From Net: NetName=LBO_PWM Pin=U3-8
Removed Pin From Net: NetName=RSTB1_PWM Pin=U3-11
Removed Pin From Net: NetName=RFO_PWM Pin=U3-13
Removed Pin From Net: NetName=RBI_PWM Pin=U3-15
Removed Pin From Net: NetName=RBO_PWM Pin=U3-17
Removed Pin From Net: NetName=RTC_PWM Pin=U4-2
Removed Pin From Net: NetName=RFI_PWM Pin=U4-4
Removed Pin From Net: NetName=RSTB2_PWM Pin=U4-6
Removed Pin From Net: NetName=LTC_PWM Pin=U4-8
Removed Pin From Net: NetName=LSTB1_PWM Pin=U4-11
Removed Pin From Net: NetName=NetR18_1 Pin=U4-12
Removed Pin From Net: NetName=LSTB2_PWM Pin=U4-13
Removed Pin From Net: NetName=PUMP_PWM Pin=U4-15
Added Pin To Net: NetName=LTC Pin=R5-2
Added Pin To Net: NetName=LSTB1 Pin=R6-2
Added Pin To Net: NetName=PUMP Pin=R7-2
Added Pin To Net: NetName=LSTB2 Pin=R8-2
Added Pin To Net: NetName=RBO Pin=R9-2
Added Pin To Net: NetName=RBI Pin=R11-2
Added Pin To Net: NetName=LBO Pin=R12-2
Added Pin To Net: NetName=LBI Pin=R13-2
Added Pin To Net: NetName=LFI Pin=R15-2
Added Pin To Net: NetName=LFO Pin=R16-2
Added Pin To Net: NetName=RFI Pin=R17-2
Added Pin To Net: NetName=RFO Pin=R18-2
Added Pin To Net: NetName=RTC Pin=R19-2
Added Pin To Net: NetName=RSTB2 Pin=R20-2
Added Pin To Net: NetName=RSTB1 Pin=R21-2
Added Pin To Net: NetName=VALVES_EN Pin=U1-43
Added Pin To Net: NetName=L9349_EN Pin=U1-44
Added Pin To Net: NetName=PUMP_EN Pin=U1-45
Added Pin To Net: NetName=LED2 Pin=U1-51
Added Pin To Net: NetName=LED1 Pin=U1-53
Added Pin To Net: NetName=LED3 Pin=U1-56
Added Pin To Net: NetName=LTC_PWM Pin=U3-2
Added Pin To Net: NetName=LSTB1_PWM Pin=U3-4
Added Pin To Net: NetName=PUMP_PWM Pin=U3-6
Added Pin To Net: NetName=LSTB2_PWM Pin=U3-8
Added Pin To Net: NetName=RBO_PWM Pin=U3-11
Added Pin To Net: NetName=RBI_PWM Pin=U3-13
Added Pin To Net: NetName=LBO_PWM Pin=U3-15
Added Pin To Net: NetName=LBI_PWM Pin=U3-17
Added Pin To Net: NetName=LFI_PWM Pin=U4-2
Added Pin To Net: NetName=NetR18_1 Pin=U4-3
Added Pin To Net: NetName=LFO_PWM Pin=U4-4
Added Pin To Net: NetName=RFI_PWM Pin=U4-6
Added Pin To Net: NetName=RTC_PWM Pin=U4-11
Added Pin To Net: NetName=RSTB2_PWM Pin=U4-13
Added Pin To Net: NetName=RSTB1_PWM Pin=U4-15
Added Pin To Net: NetName=RFO_PWM Pin=U4-17
Added Room: Name=23D_ESC_Controller
