Removed Pin From Net: NetName=VCC_3V3 Pin=C?-1
Removed Pin From Net: NetName=NetC?_2 Pin=U?-13
Removed Pin From Net: NetName=NetR?_1 Pin=U?-37
Added Component: Designator=D?(DO-214AA)
Added Pin To Net: NetName=GND_D Pin=C?-1
Added Pin To Net: NetName=GND_D Pin=C?-1
Added Pin To Net: NetName=GND_D Pin=C?-1
Added Pin To Net: NetName=GND_D Pin=C?-1
Added Pin To Net: NetName=GND_D Pin=C?-1
Added Pin To Net: NetName=GND_D Pin=C?-1
Added Pin To Net: NetName=NetC?_1 Pin=C?-1
Added Pin To Net: NetName=VCC_3V3 Pin=C?-1
Added Pin To Net: NetName=VCC_3V3 Pin=C?-1
Added Pin To Net: NetName=VCC_3V3 Pin=C?-1
Added Pin To Net: NetName=VCC_3V3 Pin=C?-1
Added Pin To Net: NetName=ANL_REF Pin=C?-2
Added Pin To Net: NetName=GND_D Pin=C?-2
Added Pin To Net: NetName=GND_D Pin=C?-2
Added Pin To Net: NetName=GND_D Pin=C?-2
Added Pin To Net: NetName=GND_D Pin=C?-2
Added Pin To Net: NetName=GND_D Pin=C?-2
Added Pin To Net: NetName=NetC?_2 Pin=C?-2
Added Pin To Net: NetName=NetR?_1 Pin=R?-1
Added Pin To Net: NetName=GND_D Pin=R?-2
Added Pin To Net: NetName=GND_D Pin=R?-2
Added Pin To Net: NetName=NetC?_2 Pin=U?-12
Added Pin To Net: NetName=NetR?_1 Pin=U?-94
Added Member To Class: ClassName=23D_ESC_Controller Member=Component * OLEDÆÁ
Added Member To Class: ClassName=23D_ESC_Controller Member=Component C? 104
Added Member To Class: ClassName=23D_ESC_Controller Member=Component C? 104
Added Member To Class: ClassName=23D_ESC_Controller Member=Component C? 104
Added Member To Class: ClassName=23D_ESC_Controller Member=Component C? 104
Added Member To Class: ClassName=23D_ESC_Controller Member=Component C? 104
Added Member To Class: ClassName=23D_ESC_Controller Member=Component C? 104
Added Member To Class: ClassName=23D_ESC_Controller Member=Component C? 22pf
Added Member To Class: ClassName=23D_ESC_Controller Member=Component C? 22pf
Added Member To Class: ClassName=23D_ESC_Controller Member=Component C? 22pf
Added Member To Class: ClassName=23D_ESC_Controller Member=Component C? 22pf
Added Member To Class: ClassName=23D_ESC_Controller Member=Component D? P6SMB18
Added Member To Class: ClassName=23D_ESC_Controller Member=Component R? 10k
Added Member To Class: ClassName=23D_ESC_Controller Member=Component R? 10k
Added Member To Class: ClassName=23D_ESC_Controller Member=Component R? 10k
Added Member To Class: ClassName=23D_ESC_Controller Member=Component R? 10K
Added Member To Class: ClassName=23D_ESC_Controller Member=Component U? DM02-XX
