Removed Pin From Net: NetName=RTC_PWM Pin=U1-23
Removed Pin From Net: NetName=RFI_PWM Pin=U1-24
Removed Pin From Net: NetName=LFO_PWM Pin=U1-25
Removed Pin From Net: NetName=LSTB2_PWM Pin=U1-31
Removed Pin From Net: NetName=LBO_PWM Pin=U1-35
Removed Pin From Net: NetName=RSTB2_PWM Pin=U1-36
Removed Pin From Net: NetName=RFO_PWM Pin=U1-63
Removed Pin From Net: NetName=LBI_PWM Pin=U1-64
Removed Pin From Net: NetName=RBO_PWM Pin=U1-65
Removed Pin From Net: NetName=LSTB1_PWM Pin=U1-66
Removed Pin From Net: NetName=PUMP_PWM Pin=U1-92
Removed Pin From Net: NetName=LTC_PWM Pin=U1-93
Removed Pin From Net: NetName=LFI_PWM Pin=U1-95
Removed Pin From Net: NetName=RBI_PWM Pin=U1-96
Added Pin To Net: NetName=LFI_PWM Pin=U1-23
Added Pin To Net: NetName=LFO_PWM Pin=U1-24
Added Pin To Net: NetName=RFI_PWM Pin=U1-25
Added Pin To Net: NetName=RFO_PWM Pin=U1-31
Added Pin To Net: NetName=RSTB2_PWM Pin=U1-35
Added Pin To Net: NetName=RTC_PWM Pin=U1-36
Added Pin To Net: NetName=LBI_PWM Pin=U1-63
Added Pin To Net: NetName=LBO_PWM Pin=U1-64
Added Pin To Net: NetName=RBI_PWM Pin=U1-65
Added Pin To Net: NetName=RBO_PWM Pin=U1-66
Added Pin To Net: NetName=LTC_PWM Pin=U1-92
Added Pin To Net: NetName=LSTB1_PWM Pin=U1-93
Added Pin To Net: NetName=PUMP_PWM Pin=U1-95
Added Pin To Net: NetName=LSTB2_PWM Pin=U1-96
Added Room: Name=23D_ESC_Controller
