Removed Pin From Net: NetName=PUMP_ENABLE Pin=U2-14
Removed Pin From Net: NetName=L9349_ENABLE Pin=U2-16
Removed Pin From Net: NetName=VALVES_ENABLE Pin=U2-18
Change Component Designator: OldDesignator=R2 NewDesignator=R5
Change Component Designator: OldDesignator=R3 NewDesignator=R6
Change Component Designator: OldDesignator=R4 NewDesignator=R7
Change Component Designator: OldDesignator=R5 NewDesignator=R8
Change Component Designator: OldDesignator=R6 NewDesignator=R9
Change Component Designator: OldDesignator=R7 NewDesignator=R10
Change Component Designator: OldDesignator=R8 NewDesignator=R11
Change Component Designator: OldDesignator=R9 NewDesignator=R12
Change Component Designator: OldDesignator=R10 NewDesignator=R13
Change Component Designator: OldDesignator=R11 NewDesignator=R14
Change Component Designator: OldDesignator=R12 NewDesignator=R15
Change Component Designator: OldDesignator=R13 NewDesignator=R16
Change Component Designator: OldDesignator=R14 NewDesignator=R17
Change Component Designator: OldDesignator=R15 NewDesignator=R18
Change Component Designator: OldDesignator=R16 NewDesignator=R19
Change Component Designator: OldDesignator=R17 NewDesignator=R20
Change Component Designator: OldDesignator=R18 NewDesignator=R21
Change Component Designator: OldDesignator=R19 NewDesignator=R22
Change Component Designator: OldDesignator=R20 NewDesignator=R23
Change Component Designator: OldDesignator=R21 NewDesignator=R24
Change Component Designator: OldDesignator=R22 NewDesignator=R25
Change Component Designator: OldDesignator=R23 NewDesignator=R26
Change Component Designator: OldDesignator=R24 NewDesignator=R27
Change Component Designator: OldDesignator=R25 NewDesignator=R28
Change Component Designator: OldDesignator=R26 NewDesignator=R29
Change Component Designator: OldDesignator=R27 NewDesignator=R30
Change Component Designator: OldDesignator=R28 NewDesignator=R31
Change Component Designator: OldDesignator=R29 NewDesignator=R32
Change Component Designator: OldDesignator=R30 NewDesignator=R33
Change Component Designator: OldDesignator=R31 NewDesignator=R34
Change Component Designator: OldDesignator=R32 NewDesignator=R35
Change Component Designator: OldDesignator=R33 NewDesignator=R36
Change Component Designator: OldDesignator=R34 NewDesignator=R37
Change Component Designator: OldDesignator=R35 NewDesignator=R38
Change Component Designator: OldDesignator=R36 NewDesignator=R39
Change Component Designator: OldDesignator=R37 NewDesignator=R40
Change Component Designator: OldDesignator=R38 NewDesignator=R41
Change Component Designator: OldDesignator=R39 NewDesignator=R42
Added Component: Designator=R2(R 0805)
Added Component: Designator=R3(R 0805)
Added Component: Designator=R4(R 0805)
Added Pin To Net: NetName=GND_D Pin=P1-5
Added Pin To Net: NetName=GND_D Pin=P1-6
Added Pin To Net: NetName=GND_D Pin=P1-6
Added Pin To Net: NetName=VCC_14V Pin=P1-11
Added Pin To Net: NetName=VCC_14V Pin=P1-12
Added Pin To Net: NetName=VCC_14V Pin=P1-12
Added Pin To Net: NetName=VALVES_ENABLE Pin=R2-2
Added Pin To Net: NetName=L9349_ENABLE Pin=R3-2
Added Pin To Net: NetName=PUMP_ENABLE Pin=R4-2
Change Net Name : Old Net Name=NetR2_1 New Net Name=NetR5_1
Change Net Name : Old Net Name=NetR3_1 New Net Name=NetR6_1
Change Net Name : Old Net Name=NetR4_1 New Net Name=NetR7_1
Change Net Name : Old Net Name=NetR5_1 New Net Name=NetR8_1
Change Net Name : Old Net Name=NetR6_1 New Net Name=NetR9_1
Change Net Name : Old Net Name=NetR8_1 New Net Name=NetR11_1
Change Net Name : Old Net Name=NetR9_1 New Net Name=NetR12_1
Change Net Name : Old Net Name=NetR10_1 New Net Name=NetR13_1
Change Net Name : Old Net Name=NetR11_1 New Net Name=NetR14_1
Change Net Name : Old Net Name=NetR12_1 New Net Name=NetR15_1
Change Net Name : Old Net Name=NetR13_1 New Net Name=NetR16_1
Change Net Name : Old Net Name=NetR14_1 New Net Name=NetR17_1
Change Net Name : Old Net Name=NetR15_1 New Net Name=NetR18_1
Change Net Name : Old Net Name=NetR16_1 New Net Name=NetR19_1
Change Net Name : Old Net Name=NetR17_1 New Net Name=NetR20_1
Change Net Name : Old Net Name=NetR18_1 New Net Name=NetR21_1
Change Net Name : Old Net Name=NetR21_1 New Net Name=NetR24_1
Change Net Name : Old Net Name=NetR22_1 New Net Name=NetR25_1
Change Net Name : Old Net Name=NetR27_1 New Net Name=NetR30_1
Change Net Name : Old Net Name=NetR28_1 New Net Name=NetR31_1
Change Net Name : Old Net Name=NetR29_2 New Net Name=NetR32_2
Change Net Name : Old Net Name=NetR30_2 New Net Name=NetR33_2
Added Pin To Net: NetName=NetR2_1 Pin=R2-1
Added Pin To Net: NetName=NetR2_1 Pin=U2-18
Added Net: Name=NetR2_1
Added Pin To Net: NetName=NetR3_1 Pin=R3-1
Added Pin To Net: NetName=NetR3_1 Pin=U2-16
Added Net: Name=NetR3_1
Added Pin To Net: NetName=NetR4_1 Pin=R4-1
Added Pin To Net: NetName=NetR4_1 Pin=U2-14
Added Net: Name=NetR4_1
Added Member To Class: ClassName=23D_ESC_Controller Member=Component J1 2.54-1*20P÷±’Î
Added Member To Class: ClassName=23D_ESC_Controller Member=Component R40 3.3K
Added Member To Class: ClassName=23D_ESC_Controller Member=Component R41 3.3K
Added Member To Class: ClassName=23D_ESC_Controller Member=Component R42 3.3K
Added Room: Name=23D_ESC_Controller
