Added Component: Designator=*1(POWERSO-20_L15.9-W11.0-P1.27-LS14.2-BL-EP)
Added Component: Designator=*2(POWERSO-20_L15.9-W11.0-P1.27-LS14.2-BL-EP)
Added Component: Designator=*3(POWERSO-20_L15.9-W11.0-P1.27-LS14.2-BL-EP)
Added Component: Designator=*4(POWERSO-20_L15.9-W11.0-P1.27-LS14.2-BL-EP)
Added Pin To Net: NetName=POWERGND Pin=*1-1
Added Pin To Net: NetName=LFI_OUT Pin=*1-2
Added Pin To Net: NetName=LFI_STA Pin=*1-3
Added Pin To Net: NetName=LFI_PWM Pin=*1-4
Added Pin To Net: NetName=RFI_PWM Pin=*1-7
Added Pin To Net: NetName=RFI_STA Pin=*1-8
Added Pin To Net: NetName=RFI_OUT Pin=*1-9
Added Pin To Net: NetName=POWERGND Pin=*1-10
Added Pin To Net: NetName=POWERGND Pin=*1-11
Added Pin To Net: NetName=RFO_OUT Pin=*1-12
Added Pin To Net: NetName=RFO_STA Pin=*1-13
Added Pin To Net: NetName=RFO_PWM Pin=*1-14
Added Pin To Net: NetName=GND1 Pin=*1-15
Added Pin To Net: NetName=L9349_ENABLE Pin=*1-16
Added Pin To Net: NetName=LFO_PWM Pin=*1-17
Added Pin To Net: NetName=LFO_STA Pin=*1-18
Added Pin To Net: NetName=LFO_OUT Pin=*1-19
Added Pin To Net: NetName=POWERGND Pin=*1-20
Added Pin To Net: NetName=POWERGND Pin=*2-1
Added Pin To Net: NetName=LBI_OUT Pin=*2-2
Added Pin To Net: NetName=LBI_STA Pin=*2-3
Added Pin To Net: NetName=LBI_PWM Pin=*2-4
Added Pin To Net: NetName=RBI_PWM Pin=*2-7
Added Pin To Net: NetName=RBI_STA Pin=*2-8
Added Pin To Net: NetName=RBI_OUT Pin=*2-9
Added Pin To Net: NetName=POWERGND Pin=*2-10
Added Pin To Net: NetName=POWERGND Pin=*2-11
Added Pin To Net: NetName=RBO_OUT Pin=*2-12
Added Pin To Net: NetName=RBO_STA Pin=*2-13
Added Pin To Net: NetName=RBO_PWM Pin=*2-14
Added Pin To Net: NetName=GND2 Pin=*2-15
Added Pin To Net: NetName=L9349_ENABLE Pin=*2-16
Added Pin To Net: NetName=LBO_PWM Pin=*2-17
Added Pin To Net: NetName=LBO_STA Pin=*2-18
Added Pin To Net: NetName=LBO_OUT Pin=*2-19
Added Pin To Net: NetName=POWERGND Pin=*2-20
Added Pin To Net: NetName=POWERGND Pin=*3-1
Added Pin To Net: NetName=RTC_OUT Pin=*3-2
Added Pin To Net: NetName=RTC_STA Pin=*3-3
Added Pin To Net: NetName=RTC_PWM Pin=*3-4
Added Pin To Net: NetName=LSTB1_PWM Pin=*3-7
Added Pin To Net: NetName=LSTB1_STA Pin=*3-8
Added Pin To Net: NetName=LSTB1_OUT Pin=*3-9
Added Pin To Net: NetName=POWERGND Pin=*3-10
Added Pin To Net: NetName=POWERGND Pin=*3-11
Added Pin To Net: NetName=LSTB2_OUT Pin=*3-12
Added Pin To Net: NetName=LSTB2_STA Pin=*3-13
Added Pin To Net: NetName=LSTB2_PWM Pin=*3-14
Added Pin To Net: NetName=GND3 Pin=*3-15
Added Pin To Net: NetName=L9349_ENABLE Pin=*3-16
Added Pin To Net: NetName=LTC_PWM Pin=*3-17
Added Pin To Net: NetName=LTC_STA Pin=*3-18
Added Pin To Net: NetName=LTC_OUT Pin=*3-19
Added Pin To Net: NetName=POWERGND Pin=*3-20
Added Pin To Net: NetName=POWERGND Pin=*4-1
Added Pin To Net: NetName=RSTB1_OUT Pin=*4-2
Added Pin To Net: NetName=RSTB1_STA Pin=*4-3
Added Pin To Net: NetName=RSTB1_PWM Pin=*4-4
Added Pin To Net: NetName=POWERGND Pin=*4-10
Added Pin To Net: NetName=POWERGND Pin=*4-11
Added Pin To Net: NetName=GND4 Pin=*4-15
Added Pin To Net: NetName=L9349_ENABLE Pin=*4-16
Added Pin To Net: NetName=RSTB2_PWM Pin=*4-17
Added Pin To Net: NetName=RSTB2_STA Pin=*4-18
Added Pin To Net: NetName=RSTB2_OUT Pin=*4-19
Added Pin To Net: NetName=POWERGND Pin=*4-20
Added Pin To Net: NetName=Net*1_5 Pin=*1-5
Added Pin To Net: NetName=Net*1_5 Pin=D10-2
Added Net: Name=Net*1_5
Added Pin To Net: NetName=Net*2_5 Pin=*2-5
Added Pin To Net: NetName=Net*2_5 Pin=D15-2
Added Net: Name=Net*2_5
Added Pin To Net: NetName=Net*3_5 Pin=*3-5
Added Pin To Net: NetName=Net*3_5 Pin=D20-2
Added Net: Name=Net*3_5
Added Pin To Net: NetName=Net*4_5 Pin=*4-5
Added Pin To Net: NetName=Net*4_5 Pin=D25-2
Added Net: Name=Net*4_5
Added Member To Class: ClassName=23D_ESC_DRIVER Member=Component *1 POWER_SO_20
Added Member To Class: ClassName=23D_ESC_DRIVER Member=Component *2 POWER_SO_20
Added Member To Class: ClassName=23D_ESC_DRIVER Member=Component *3 POWER_SO_20
Added Member To Class: ClassName=23D_ESC_DRIVER Member=Component *4 POWER_SO_20
Added Room: Name=23D_ESC_DRIVER
