Added Component: Designator=*(POWERSO-20_L15.9-W11.0-P1.27-LS14.2-BL-EP)
Added Component: Designator=*(POWERSO-20_L15.9-W11.0-P1.27-LS14.2-BL-EP)
Added Component: Designator=*(POWERSO-20_L15.9-W11.0-P1.27-LS14.2-BL-EP)
Added Component: Designator=*(POWERSO-20_L15.9-W11.0-P1.27-LS14.2-BL-EP)
Added Component: Designator=D?(DO-214AA)
Added Component: Designator=D?(LED_0805)
Added Component: Designator=J?(SMT_Connector)
Added Component: Designator=J?(SMT_Connector)
Added Component: Designator=J?(SMT_Connector)
Added Component: Designator=J?(SMT_Connector)
Added Component: Designator=K?(KEY 3.6*2.5 SMD)
Added Component: Designator=R?(R 0805)
Added Pin To Net: NetName=GND_D Pin=K?-1
Added Net: Name=GND_D
Added Pin To Net: NetName=KEY3 Pin=K?-2
Added Pin To Net: NetName=KEY3 Pin=R?-1
Added Net: Name=KEY3
Added Pin To Net: NetName=VCC_3V3 Pin=R?-2
Added Net: Name=VCC_3V3
Added Member To Class: ClassName=23D_ESC_DRIVER Member=Component * POWER_SO_20
Added Member To Class: ClassName=23D_ESC_DRIVER Member=Component * POWER_SO_20
Added Member To Class: ClassName=23D_ESC_DRIVER Member=Component * POWER_SO_20
Added Member To Class: ClassName=23D_ESC_DRIVER Member=Component * POWER_SO_20
Added Member To Class: ClassName=23D_ESC_DRIVER Member=Component D? P6SMB18
Added Member To Class: ClassName=23D_ESC_DRIVER Member=Component D? RED
Added Member To Class: ClassName=23D_ESC_DRIVER Member=Component J? SMT_Connector
Added Member To Class: ClassName=23D_ESC_DRIVER Member=Component J? SMT_Connector
Added Member To Class: ClassName=23D_ESC_DRIVER Member=Component J? SMT_Connector
Added Member To Class: ClassName=23D_ESC_DRIVER Member=Component J? SMT_Connector
Added Member To Class: ClassName=23D_ESC_DRIVER Member=Component K? Key
Added Member To Class: ClassName=23D_ESC_DRIVER Member=Component R? 10K
Added Room: Name=23D_ESC_DRIVER
