Added Component: Designator=C?(C 0805)
Added Component: Designator=D?(DO-214AA)
Added Component: Designator=J?(SMT_Connector)
Added Component: Designator=J?(SMT_Connector)
Added Component: Designator=J?(SMT_Connector)
Added Component: Designator=J?(SMT_Connector)
Added Component: Designator=R?(R 0805)
Added Pin To Net: NetName=NetD?_1 Pin=D?-1
Added Pin To Net: NetName=NetD?_1 Pin=J?-1
Added Pin To Net: NetName=NetD?_1 Pin=J?-1
Added Net: Name=NetD?_1
Added Pin To Net: NetName=NetD?_2 Pin=D?-2
Added Pin To Net: NetName=NetD?_2 Pin=J?-1
Added Pin To Net: NetName=NetD?_2 Pin=J?-1
Added Net: Name=NetD?_2
Added Member To Class: ClassName=23D_ESC_DRIVER Member=Component C? 104
Added Member To Class: ClassName=23D_ESC_DRIVER Member=Component D? P6SMB18
Added Member To Class: ClassName=23D_ESC_DRIVER Member=Component J? SMT_Connector
Added Member To Class: ClassName=23D_ESC_DRIVER Member=Component J? SMT_Connector
Added Member To Class: ClassName=23D_ESC_DRIVER Member=Component J? SMT_Connector
Added Member To Class: ClassName=23D_ESC_DRIVER Member=Component J? SMT_Connector
Added Member To Class: ClassName=23D_ESC_DRIVER Member=Component R? 10k
Added Member To Class: ClassName=23D_ESC_DRIVER Member=Component U4 L9349
Added Room: Name=23D_ESC_DRIVER
