Removed Pin From Net: NetName=VCC_14V Pin=C?-1
Removed Pin From Net: NetName=VCC_14V Pin=C?-2
Removed Pin From Net: NetName=VCC_14V Pin=D?-1
Removed Pin From Net: NetName=NetD?_2 Pin=D?-2
Removed Pin From Net: NetName=VALVES_ENABLE Pin=R?-1
Removed Pin From Net: NetName=NetR?_2 Pin=R?-2
Removed Pin From Net: NetName=VCC_14V Pin=VT?-2
Added Component: Designator=Q?(TO-252-2_L6.6-W6.1-P4.58-LS9.9-BR)
Added Pin To Net: NetName=NetC?_1 Pin=C?-1
Added Pin To Net: NetName=POWERGND Pin=C?-1
Added Pin To Net: NetName=VCC_14V Pin=C?-1
Added Pin To Net: NetName=MOTOR+ Pin=C?-2
Added Pin To Net: NetName=POWERGND Pin=C?-2
Added Pin To Net: NetName=VCC_14V Pin=C?-2
Added Pin To Net: NetName=VCC_14V Pin=C?-2
Added Pin To Net: NetName=VALVES+ Pin=D?-1
Added Pin To Net: NetName=VCC_14V Pin=D?-1
Added Pin To Net: NetName=VCC_14V Pin=D?-1
Added Pin To Net: NetName=NetC?_1 Pin=D?-2
Added Pin To Net: NetName=NetD?_2 Pin=D?-2
Added Pin To Net: NetName=NetR?_1 Pin=R?-1
Added Pin To Net: NetName=POWERGND Pin=R?-1
Added Pin To Net: NetName=PUMP_ENABLE Pin=R?-1
Added Pin To Net: NetName=PUMP_PWM Pin=R?-1
Added Pin To Net: NetName=VALVES_ENABLE Pin=R?-1
Added Pin To Net: NetName=VCC_14V Pin=R?-1
Added Pin To Net: NetName=NetD?_1 Pin=R?-2
Added Pin To Net: NetName=NetD?_2 Pin=R?-2
Added Pin To Net: NetName=NetR?_2 Pin=R?-2
Added Pin To Net: NetName=MOTOR+ Pin=VT?-2
Added Pin To Net: NetName=VCC_14V Pin=VT?-2
Added Pin To Net: NetName=MOTOR+ Pin=VT?-3
Added Pin To Net: NetName=POWERGND Pin=VT?-3
Added Member To Class: ClassName=23D_ESC_DRIVER Member=Component *? POWER_SO_20
Added Member To Class: ClassName=23D_ESC_DRIVER Member=Component *? POWER_SO_20
Added Member To Class: ClassName=23D_ESC_DRIVER Member=Component C? 50V 10uF
Added Member To Class: ClassName=23D_ESC_DRIVER Member=Component C? 25V 10uF
Added Member To Class: ClassName=23D_ESC_DRIVER Member=Component C? 50V 104
Added Member To Class: ClassName=23D_ESC_DRIVER Member=Component C? Cap vol
Added Member To Class: ClassName=23D_ESC_DRIVER Member=Component D? SS34
Added Member To Class: ClassName=23D_ESC_DRIVER Member=Component D? ES1B-E3/61T
Added Member To Class: ClassName=23D_ESC_DRIVER Member=Component D? 18V
Added Member To Class: ClassName=23D_ESC_DRIVER Member=Component D? V40PWM45C
Added Member To Class: ClassName=23D_ESC_DRIVER Member=Component D? P6SMB18
Added Member To Class: ClassName=23D_ESC_DRIVER Member=Component D? 120T3G
Added Member To Class: ClassName=23D_ESC_DRIVER Member=Component D? 120T3G
Added Member To Class: ClassName=23D_ESC_DRIVER Member=Component D? SS34
Added Member To Class: ClassName=23D_ESC_DRIVER Member=Component D? SS34
Added Member To Class: ClassName=23D_ESC_DRIVER Member=Component D? SS34
Added Member To Class: ClassName=23D_ESC_DRIVER Member=Component J? 2.54-1*20P÷±’Î
Added Member To Class: ClassName=23D_ESC_DRIVER Member=Component J? 2.54-1*20P÷±’Î
Added Member To Class: ClassName=23D_ESC_DRIVER Member=Component J? SMT_Connector
Added Member To Class: ClassName=23D_ESC_DRIVER Member=Component J? SMT_Connector
Added Member To Class: ClassName=23D_ESC_DRIVER Member=Component J? SMT_Connector
Added Member To Class: ClassName=23D_ESC_DRIVER Member=Component J? SMT_Connector
Added Member To Class: ClassName=23D_ESC_DRIVER Member=Component R? 1K
Added Member To Class: ClassName=23D_ESC_DRIVER Member=Component R? 1K
Added Member To Class: ClassName=23D_ESC_DRIVER Member=Component R? 10R
Added Member To Class: ClassName=23D_ESC_DRIVER Member=Component R? 10R
Added Member To Class: ClassName=23D_ESC_DRIVER Member=Component R? 1K
Added Member To Class: ClassName=23D_ESC_DRIVER Member=Component R? 330R
Added Member To Class: ClassName=23D_ESC_DRIVER Member=Component R? 6.8R@Ipeak=167mA
Added Member To Class: ClassName=23D_ESC_DRIVER Member=Component U? AUIR3241S
Added Member To Class: ClassName=23D_ESC_DRIVER Member=Component VT? STB170NF04
Added Member To Class: ClassName=23D_ESC_DRIVER Member=Component VT? STB170NF04
Added Room: Name=23D_ESC_DRIVER
