Added Component: Designator=*(POWERSO-20_L15.9-W11.0-P1.27-LS14.2-BL-EP)
Added Component: Designator=*(POWERSO-20_L15.9-W11.0-P1.27-LS14.2-BL-EP)
Added Component: Designator=*(POWERSO-20_L15.9-W11.0-P1.27-LS14.2-BL-EP)
Added Component: Designator=*(POWERSO-20_L15.9-W11.0-P1.27-LS14.2-BL-EP)
Added Component: Designator=C?(C 0805)
Added Component: Designator=D?(LED_0805)
Added Component: Designator=D?(DO-214AA)
Added Component: Designator=J?(SMT_Connector)
Added Component: Designator=J?(SMT_Connector)
Added Component: Designator=J?(SMT_Connector)
Added Component: Designator=J?(SMT_Connector)
Added Component: Designator=L?(L 1206)
Added Component: Designator=R?(R 0805)
Added Pin To Net: NetName=POWERGND Pin=C?-1
Added Pin To Net: NetName=VCC_14V Pin=C?-1
Added Pin To Net: NetName=POWERGND Pin=C?-2
Added Pin To Net: NetName=VCC_14V Pin=C?-2
Added Pin To Net: NetName=VCC_14V Pin=C?-2
Added Pin To Net: NetName=NetD?_1 Pin=D?-1
Added Pin To Net: NetName=VCC_14V Pin=D?-1
Added Pin To Net: NetName=VCC_14V Pin=D?-1
Added Pin To Net: NetName=VCC_14V Pin=D?-1
Added Pin To Net: NetName=POWERGND Pin=D?-2
Added Pin To Net: NetName=POWERGND Pin=D?-2
Added Pin To Net: NetName=POWERGND Pin=J?-1
Added Pin To Net: NetName=POWERGND Pin=J?-1
Added Pin To Net: NetName=VCC_14V Pin=J?-1
Added Pin To Net: NetName=VCC_14V Pin=J?-1
Added Pin To Net: NetName=VCC_14V Pin=L?-2
Added Pin To Net: NetName=POWERGND Pin=R?-1
Added Pin To Net: NetName=VCC_14V Pin=R?-1
Added Pin To Net: NetName=NetD?_1 Pin=R?-2
Added Pin To Net: NetName=MOTOR+ Pin=C?-2
Added Net: Name=MOTOR+
Added Pin To Net: NetName=NetC?_1 Pin=C?-1
Added Pin To Net: NetName=NetC?_1 Pin=D?-2
Added Net: Name=NetC?_1
Added Pin To Net: NetName=NetD?_2 Pin=D?-2
Added Net: Name=NetD?_2
Added Pin To Net: NetName=NetL?_1 Pin=L?-1
Added Net: Name=NetL?_1
Added Pin To Net: NetName=NetR?_1 Pin=R?-1
Added Net: Name=NetR?_1
Added Pin To Net: NetName=NetR?_2 Pin=R?-2
Added Net: Name=NetR?_2
Added Pin To Net: NetName=PUMP_PWM Pin=R?-1
Added Net: Name=PUMP_PWM
Added Pin To Net: NetName=PUMP Pin=R?-1
Added Net: Name=PUMP
Added Pin To Net: NetName=VALVES+ Pin=D?-1
Added Net: Name=VALVES+
Added Pin To Net: NetName=VALVES Pin=R?-1
Added Net: Name=VALVES
Added Member To Class: ClassName=23D_ESC_DRIVER Member=Component * POWER_SO_20
Added Member To Class: ClassName=23D_ESC_DRIVER Member=Component * POWER_SO_20
Added Member To Class: ClassName=23D_ESC_DRIVER Member=Component * POWER_SO_20
Added Member To Class: ClassName=23D_ESC_DRIVER Member=Component * POWER_SO_20
Added Member To Class: ClassName=23D_ESC_DRIVER Member=Component C? 50V 10uF
Added Member To Class: ClassName=23D_ESC_DRIVER Member=Component C? 25V 10uF
Added Member To Class: ClassName=23D_ESC_DRIVER Member=Component C? 50V 104
Added Member To Class: ClassName=23D_ESC_DRIVER Member=Component C? 10uF
Added Member To Class: ClassName=23D_ESC_DRIVER Member=Component C? Cap vol
Added Member To Class: ClassName=23D_ESC_DRIVER Member=Component D? ES1B-E3/61T
Added Member To Class: ClassName=23D_ESC_DRIVER Member=Component D? 18V
Added Member To Class: ClassName=23D_ESC_DRIVER Member=Component D? V40PWM45C
Added Member To Class: ClassName=23D_ESC_DRIVER Member=Component D? RED
Added Member To Class: ClassName=23D_ESC_DRIVER Member=Component D? P6SMB18
Added Member To Class: ClassName=23D_ESC_DRIVER Member=Component J? SMT_Connector
Added Member To Class: ClassName=23D_ESC_DRIVER Member=Component J? SMT_Connector
Added Member To Class: ClassName=23D_ESC_DRIVER Member=Component J? SMT_Connector
Added Member To Class: ClassName=23D_ESC_DRIVER Member=Component J? SMT_Connector
Added Member To Class: ClassName=23D_ESC_DRIVER Member=Component L? Inductor
Added Member To Class: ClassName=23D_ESC_DRIVER Member=Component R? 1K
Added Member To Class: ClassName=23D_ESC_DRIVER Member=Component R? 1K
Added Member To Class: ClassName=23D_ESC_DRIVER Member=Component R? 10R
Added Member To Class: ClassName=23D_ESC_DRIVER Member=Component R? 10R
Added Member To Class: ClassName=23D_ESC_DRIVER Member=Component R? 1K
Added Member To Class: ClassName=23D_ESC_DRIVER Member=Component R? 330R
Added Member To Class: ClassName=23D_ESC_DRIVER Member=Component R? 6.8R@Ipeak=167mA
Added Member To Class: ClassName=23D_ESC_DRIVER Member=Component R? 10K
Added Room: Name=23D_ESC_DRIVER
