Added Component: Designator=*?(POWERSO-20_L15.9-W11.0-P1.27-LS14.2-BL-EP)
Added Component: Designator=*?(POWERSO-20_L15.9-W11.0-P1.27-LS14.2-BL-EP)
Added Component: Designator=*?(POWERSO-20_L15.9-W11.0-P1.27-LS14.2-BL-EP)
Added Component: Designator=*(HDR2.54-M-LI-20P)
Added Component: Designator=*(HDR2.54-M-LI-20P)
Added Component: Designator=*(HDR2.54-M-LI-20P)
Added Component: Designator=*(POWERSO-20_L15.9-W11.0-P1.27-LS14.2-BL-EP)
Added Component: Designator=C?(C 0805)
Added Component: Designator=D?(DO-214)
Added Component: Designator=D?(DO-214)
Added Component: Designator=D?(DO-214)
Added Component: Designator=D?(DO-214)
Added Component: Designator=D?(LED_0805)
Added Component: Designator=D?(DO-214AA)
Added Component: Designator=J?(SMT_Connector)
Added Component: Designator=J?(SMT_Connector)
Added Component: Designator=J?(SMT_Connector)
Added Component: Designator=J?(SMT_Connector)
Added Component: Designator=L?(L 1206)
Added Component: Designator=R?(R 0805)
Added Component: Designator=U?(SOP8)
Added Component: Designator=U?(SOP8)
Added Component: Designator=VT?(TO252)
Added Pin To Net: NetName=POWERGND Pin=*-1
Added Pin To Net: NetName=POWERGND Pin=*-1
Added Pin To Net: NetName=POWERGND Pin=*-2
Added Pin To Net: NetName=POWERGND Pin=*-3
Added Pin To Net: NetName=POWERGND Pin=*-4
Added Pin To Net: NetName=POWERGND Pin=*-5
Added Pin To Net: NetName=POWERGND Pin=*-6
Added Pin To Net: NetName=POWERGND Pin=*-7
Added Pin To Net: NetName=POWERGND Pin=*-8
Added Pin To Net: NetName=POWERGND Pin=*-10
Added Pin To Net: NetName=POWERGND Pin=*-11
Added Pin To Net: NetName=POWERGND Pin=*-20
Added Pin To Net: NetName=POWERGND Pin=*-21
Added Pin To Net: NetName=POWERGND Pin=*-21
Added Pin To Net: NetName=POWERGND Pin=*-21
Added Pin To Net: NetName=POWERGND Pin=*?-1
Added Pin To Net: NetName=POWERGND Pin=*?-1
Added Pin To Net: NetName=POWERGND Pin=*?-1
Added Pin To Net: NetName=POWERGND Pin=*?-10
Added Pin To Net: NetName=POWERGND Pin=*?-10
Added Pin To Net: NetName=POWERGND Pin=*?-10
Added Pin To Net: NetName=POWERGND Pin=*?-11
Added Pin To Net: NetName=POWERGND Pin=*?-11
Added Pin To Net: NetName=POWERGND Pin=*?-11
Added Pin To Net: NetName=POWERGND Pin=*?-20
Added Pin To Net: NetName=POWERGND Pin=*?-20
Added Pin To Net: NetName=POWERGND Pin=*?-20
Added Pin To Net: NetName=POWERGND Pin=*?-21
Added Pin To Net: NetName=POWERGND Pin=*?-21
Added Pin To Net: NetName=POWERGND Pin=*?-21
Added Pin To Net: NetName=POWERGND Pin=*?-21
Added Pin To Net: NetName=POWERGND Pin=*?-21
Added Pin To Net: NetName=POWERGND Pin=*?-21
Added Pin To Net: NetName=POWERGND Pin=*?-21
Added Pin To Net: NetName=POWERGND Pin=*?-21
Added Pin To Net: NetName=POWERGND Pin=*?-21
Added Pin To Net: NetName=NetC?_1 Pin=C?-1
Added Pin To Net: NetName=POWERGND Pin=C?-1
Added Pin To Net: NetName=VCC_14V Pin=C?-1
Added Pin To Net: NetName=MOTOR+ Pin=C?-2
Added Pin To Net: NetName=POWERGND Pin=C?-2
Added Pin To Net: NetName=VCC_14V Pin=C?-2
Added Pin To Net: NetName=VCC_14V Pin=C?-2
Added Pin To Net: NetName=NetD?_1 Pin=D?-1
Added Pin To Net: NetName=VALVES+ Pin=D?-1
Added Pin To Net: NetName=VALVES+ Pin=D?-1
Added Pin To Net: NetName=VALVES+ Pin=D?-1
Added Pin To Net: NetName=VALVES+ Pin=D?-1
Added Pin To Net: NetName=VALVES+ Pin=D?-1
Added Pin To Net: NetName=VCC_14V Pin=D?-1
Added Pin To Net: NetName=VCC_14V Pin=D?-1
Added Pin To Net: NetName=VCC_14V Pin=D?-1
Added Pin To Net: NetName=NetC?_1 Pin=D?-2
Added Pin To Net: NetName=NetD?_2 Pin=D?-2
Added Pin To Net: NetName=POWERGND Pin=D?-2
Added Pin To Net: NetName=POWERGND Pin=D?-2
Added Pin To Net: NetName=POWERGND Pin=J?-1
Added Pin To Net: NetName=POWERGND Pin=J?-1
Added Pin To Net: NetName=VCC_14V Pin=J?-1
Added Pin To Net: NetName=VCC_14V Pin=J?-1
Added Pin To Net: NetName=NetL?_1 Pin=L?-1
Added Pin To Net: NetName=VCC_14V Pin=L?-2
Added Pin To Net: NetName=NetR?_1 Pin=R?-1
Added Pin To Net: NetName=POWERGND Pin=R?-1
Added Pin To Net: NetName=PUMP_PWM Pin=R?-1
Added Pin To Net: NetName=VCC_14V Pin=R?-1
Added Pin To Net: NetName=NetD?_1 Pin=R?-2
Added Pin To Net: NetName=NetD?_2 Pin=R?-2
Added Pin To Net: NetName=NetR?_2 Pin=R?-2
Added Pin To Net: NetName=POWERGND Pin=U?-2
Added Pin To Net: NetName=NetR?_2 Pin=U?-3
Added Pin To Net: NetName=POWERGND Pin=U?-3
Added Pin To Net: NetName=NetL?_1 Pin=U?-4
Added Pin To Net: NetName=VALVES+ Pin=U?-5
Added Pin To Net: NetName=VCC_14V Pin=U?-5
Added Pin To Net: NetName=MOTOR+ Pin=U?-6
Added Pin To Net: NetName=NetR?_1 Pin=U?-6
Added Pin To Net: NetName=VCC_14V Pin=U?-7
Added Pin To Net: NetName=NetC?_1 Pin=U?-8
Added Pin To Net: NetName=NetD?_2 Pin=VT?-1
Added Pin To Net: NetName=MOTOR+ Pin=VT?-2
Added Pin To Net: NetName=VCC_14V Pin=VT?-2
Added Pin To Net: NetName=MOTOR+ Pin=VT?-3
Added Pin To Net: NetName=POWERGND Pin=VT?-3
Added Pin To Net: NetName=VALVES+ Pin=VT?-3
Added Pin To Net: NetName=GND Pin=*-15
Added Pin To Net: NetName=GND Pin=*?-15
Added Pin To Net: NetName=GND Pin=*?-15
Added Pin To Net: NetName=GND Pin=*?-15
Added Net: Name=GND
Added Pin To Net: NetName=L9349_ENABLE Pin=*-3
Added Pin To Net: NetName=L9349_ENABLE Pin=*-4
Added Pin To Net: NetName=L9349_ENABLE Pin=*-5
Added Pin To Net: NetName=L9349_ENABLE Pin=*-6
Added Net: Name=L9349_ENABLE
Added Pin To Net: NetName=LBI_STA Pin=*-4
Added Net: Name=LBI_STA
Added Pin To Net: NetName=LBI Pin=*-4
Added Net: Name=LBI
Added Pin To Net: NetName=LBO_STA Pin=*-4
Added Net: Name=LBO_STA
Added Pin To Net: NetName=LBO Pin=*-4
Added Net: Name=LBO
Added Pin To Net: NetName=LFI_STA Pin=*-4
Added Net: Name=LFI_STA
Added Pin To Net: NetName=LFI Pin=*-4
Added Net: Name=LFI
Added Pin To Net: NetName=LFO_STA Pin=*-4
Added Net: Name=LFO_STA
Added Pin To Net: NetName=LFO Pin=*-4
Added Net: Name=LFO
Added Pin To Net: NetName=LSTB1_STA Pin=*-4
Added Net: Name=LSTB1_STA
Added Pin To Net: NetName=LSTB1 Pin=*-4
Added Net: Name=LSTB1
Added Pin To Net: NetName=LSTB2_STA Pin=*-4
Added Net: Name=LSTB2_STA
Added Pin To Net: NetName=LSTB2 Pin=*-4
Added Net: Name=LSTB2
Added Pin To Net: NetName=LTC_STA Pin=*-4
Added Net: Name=LTC_STA
Added Pin To Net: NetName=LTC Pin=*-4
Added Net: Name=LTC
Added Pin To Net: NetName=Net*?_5 Pin=*?-5
Added Pin To Net: NetName=Net*?_5 Pin=D?-2
Added Net: Name=Net*?_5
Added Pin To Net: NetName=Net*_5 Pin=*-5
Added Pin To Net: NetName=Net*_5 Pin=D?-2
Added Net: Name=Net*_5
Added Pin To Net: NetName=NETLABEL732 Pin=*-4
Added Pin To Net: NetName=NETLABEL732 Pin=*?-4
Added Pin To Net: NetName=NETLABEL732 Pin=*?-4
Added Pin To Net: NetName=NETLABEL732 Pin=*?-4
Added Net: Name=NETLABEL732
Added Pin To Net: NetName=NETLABEL733 Pin=*-7
Added Pin To Net: NetName=NETLABEL733 Pin=*?-7
Added Pin To Net: NetName=NETLABEL733 Pin=*?-7
Added Pin To Net: NetName=NETLABEL733 Pin=*?-7
Added Net: Name=NETLABEL733
Added Pin To Net: NetName=NETLABEL734 Pin=*-17
Added Pin To Net: NetName=NETLABEL734 Pin=*?-17
Added Pin To Net: NetName=NETLABEL734 Pin=*?-17
Added Pin To Net: NetName=NETLABEL734 Pin=*?-17
Added Net: Name=NETLABEL734
Added Pin To Net: NetName=NETLABEL735 Pin=*-14
Added Pin To Net: NetName=NETLABEL735 Pin=*?-14
Added Pin To Net: NetName=NETLABEL735 Pin=*?-14
Added Pin To Net: NetName=NETLABEL735 Pin=*?-14
Added Net: Name=NETLABEL735
Added Pin To Net: NetName=NETLABEL736 Pin=*-19
Added Pin To Net: NetName=NETLABEL736 Pin=*?-19
Added Pin To Net: NetName=NETLABEL736 Pin=*?-19
Added Pin To Net: NetName=NETLABEL736 Pin=*?-19
Added Net: Name=NETLABEL736
Added Pin To Net: NetName=NETLABEL737 Pin=*-18
Added Pin To Net: NetName=NETLABEL737 Pin=*?-18
Added Pin To Net: NetName=NETLABEL737 Pin=*?-18
Added Pin To Net: NetName=NETLABEL737 Pin=*?-18
Added Net: Name=NETLABEL737
Added Pin To Net: NetName=NETLABEL738 Pin=*-13
Added Pin To Net: NetName=NETLABEL738 Pin=*?-13
Added Pin To Net: NetName=NETLABEL738 Pin=*?-13
Added Pin To Net: NetName=NETLABEL738 Pin=*?-13
Added Net: Name=NETLABEL738
Added Pin To Net: NetName=NETLABEL739 Pin=*-12
Added Pin To Net: NetName=NETLABEL739 Pin=*?-12
Added Pin To Net: NetName=NETLABEL739 Pin=*?-12
Added Pin To Net: NetName=NETLABEL739 Pin=*?-12
Added Net: Name=NETLABEL739
Added Pin To Net: NetName=NETLABEL740 Pin=*-16
Added Pin To Net: NetName=NETLABEL740 Pin=*?-16
Added Pin To Net: NetName=NETLABEL740 Pin=*?-16
Added Pin To Net: NetName=NETLABEL740 Pin=*?-16
Added Net: Name=NETLABEL740
Added Pin To Net: NetName=NETLABEL741 Pin=*-2
Added Pin To Net: NetName=NETLABEL741 Pin=*?-2
Added Pin To Net: NetName=NETLABEL741 Pin=*?-2
Added Pin To Net: NetName=NETLABEL741 Pin=*?-2
Added Net: Name=NETLABEL741
Added Pin To Net: NetName=NETLABEL742 Pin=*-3
Added Pin To Net: NetName=NETLABEL742 Pin=*?-3
Added Pin To Net: NetName=NETLABEL742 Pin=*?-3
Added Pin To Net: NetName=NETLABEL742 Pin=*?-3
Added Net: Name=NETLABEL742
Added Pin To Net: NetName=NETLABEL743 Pin=*-8
Added Pin To Net: NetName=NETLABEL743 Pin=*?-8
Added Pin To Net: NetName=NETLABEL743 Pin=*?-8
Added Pin To Net: NetName=NETLABEL743 Pin=*?-8
Added Net: Name=NETLABEL743
Added Pin To Net: NetName=NETLABEL744 Pin=*-9
Added Pin To Net: NetName=NETLABEL744 Pin=*?-9
Added Pin To Net: NetName=NETLABEL744 Pin=*?-9
Added Pin To Net: NetName=NETLABEL744 Pin=*?-9
Added Net: Name=NETLABEL744
Added Pin To Net: NetName=PUMP_ENABLE Pin=*-1
Added Pin To Net: NetName=PUMP_ENABLE Pin=R?-1
Added Net: Name=PUMP_ENABLE
Added Pin To Net: NetName=RBI_STA Pin=*-4
Added Net: Name=RBI_STA
Added Pin To Net: NetName=RBI Pin=*-4
Added Net: Name=RBI
Added Pin To Net: NetName=RBO_STA Pin=*-4
Added Net: Name=RBO_STA
Added Pin To Net: NetName=RBO Pin=*-4
Added Net: Name=RBO
Added Pin To Net: NetName=RFI_STO Pin=*-4
Added Net: Name=RFI_STO
Added Pin To Net: NetName=RFI Pin=*-4
Added Net: Name=RFI
Added Pin To Net: NetName=RFO_STA Pin=*-4
Added Net: Name=RFO_STA
Added Pin To Net: NetName=RFO Pin=*-4
Added Net: Name=RFO
Added Pin To Net: NetName=RSTB1_STA Pin=*-8
Added Net: Name=RSTB1_STA
Added Pin To Net: NetName=RSTB1 Pin=*-8
Added Net: Name=RSTB1
Added Pin To Net: NetName=RSTB2_STA Pin=*-7
Added Net: Name=RSTB2_STA
Added Pin To Net: NetName=RSTB2 Pin=*-7
Added Net: Name=RSTB2
Added Pin To Net: NetName=RTC_STA Pin=*-4
Added Net: Name=RTC_STA
Added Pin To Net: NetName=RTC Pin=*-4
Added Net: Name=RTC
Added Pin To Net: NetName=VALVES_ENABLE Pin=*-2
Added Pin To Net: NetName=VALVES_ENABLE Pin=R?-1
Added Net: Name=VALVES_ENABLE
Added Member To Class: ClassName=23D_ESC_DRIVER Member=Component *? POWER_SO_20
Added Member To Class: ClassName=23D_ESC_DRIVER Member=Component *? POWER_SO_20
Added Member To Class: ClassName=23D_ESC_DRIVER Member=Component *? POWER_SO_20
Added Member To Class: ClassName=23D_ESC_DRIVER Member=Component * ĸ1*20
Added Member To Class: ClassName=23D_ESC_DRIVER Member=Component * ĸ1*20
Added Member To Class: ClassName=23D_ESC_DRIVER Member=Component * ĸ1*20
Added Member To Class: ClassName=23D_ESC_DRIVER Member=Component * POWER_SO_20
Added Member To Class: ClassName=23D_ESC_DRIVER Member=Component C? 50V 10uF
Added Member To Class: ClassName=23D_ESC_DRIVER Member=Component C? 25V 10uF
Added Member To Class: ClassName=23D_ESC_DRIVER Member=Component C? 50V 104
Added Member To Class: ClassName=23D_ESC_DRIVER Member=Component C? 10uF
Added Member To Class: ClassName=23D_ESC_DRIVER Member=Component C? Cap vol
Added Member To Class: ClassName=23D_ESC_DRIVER Member=Component D? SS34
Added Member To Class: ClassName=23D_ESC_DRIVER Member=Component D? SS34
Added Member To Class: ClassName=23D_ESC_DRIVER Member=Component D? SS34
Added Member To Class: ClassName=23D_ESC_DRIVER Member=Component D? SS34
Added Member To Class: ClassName=23D_ESC_DRIVER Member=Component D? ES1B-E3/61T
Added Member To Class: ClassName=23D_ESC_DRIVER Member=Component D? 18V
Added Member To Class: ClassName=23D_ESC_DRIVER Member=Component D? V40PWM45C
Added Member To Class: ClassName=23D_ESC_DRIVER Member=Component D? RED
Added Member To Class: ClassName=23D_ESC_DRIVER Member=Component D? P6SMB18
Added Member To Class: ClassName=23D_ESC_DRIVER Member=Component J? SMT_Connector
Added Member To Class: ClassName=23D_ESC_DRIVER Member=Component J? SMT_Connector
Added Member To Class: ClassName=23D_ESC_DRIVER Member=Component J? SMT_Connector
Added Member To Class: ClassName=23D_ESC_DRIVER Member=Component J? SMT_Connector
Added Member To Class: ClassName=23D_ESC_DRIVER Member=Component L? Inductor
Added Member To Class: ClassName=23D_ESC_DRIVER Member=Component R? 1K
Added Member To Class: ClassName=23D_ESC_DRIVER Member=Component R? 1K
Added Member To Class: ClassName=23D_ESC_DRIVER Member=Component R? 10R
Added Member To Class: ClassName=23D_ESC_DRIVER Member=Component R? 10R
Added Member To Class: ClassName=23D_ESC_DRIVER Member=Component R? 1K
Added Member To Class: ClassName=23D_ESC_DRIVER Member=Component R? 330R
Added Member To Class: ClassName=23D_ESC_DRIVER Member=Component R? 6.8R@Ipeak=167mA
Added Member To Class: ClassName=23D_ESC_DRIVER Member=Component R? 10K
Added Member To Class: ClassName=23D_ESC_DRIVER Member=Component U? IR2184
Added Member To Class: ClassName=23D_ESC_DRIVER Member=Component U? AUIR3241S
Added Member To Class: ClassName=23D_ESC_DRIVER Member=Component VT? STB170NF04
Added Member To Class: ClassName=23D_ESC_DRIVER Member=Component VT? STB170NF04
Added Member To Class: ClassName=23D_ESC_DRIVER Member=Component VT? SQD40N06
Added Room: Name=23D_ESC_DRIVER
