Added Component: Designator=*(POWERSO-20_L15.9-W11.0-P1.27-LS14.2-BL-EP)
Added Component: Designator=*(POWERSO-20_L15.9-W11.0-P1.27-LS14.2-BL-EP)
Added Component: Designator=*(POWERSO-20_L15.9-W11.0-P1.27-LS14.2-BL-EP)
Added Component: Designator=C?(C 0805)
Added Component: Designator=C?(C 0805)
Added Component: Designator=D?(LL34)
Added Component: Designator=D?(TO252_DIO)
Added Component: Designator=L?(L 1206)
Added Component: Designator=R?(R 0805)
Added Component: Designator=R?(R 0805)
Added Component: Designator=R?(R 0805)
Added Component: Designator=U?(SOP8)
Added Component: Designator=VT?(TO252)
Added Pin To Net: NetName=P_GND Pin=C?-1
Added Pin To Net: NetName=VCC_14V Pin=C?-1
Added Pin To Net: NetName=VCC_14V Pin=C?-1
Added Pin To Net: NetName=P_GND Pin=C?-2
Added Pin To Net: NetName=VCC_14V Pin=C?-2
Added Pin To Net: NetName=VCC_14V Pin=D?-1
Added Pin To Net: NetName=VCC_14V Pin=D?-1
Added Pin To Net: NetName=VCC_14V Pin=D?-1
Added Pin To Net: NetName=VCC_14V Pin=D?-1
Added Pin To Net: NetName=VCC_14V Pin=L?-2
Added Pin To Net: NetName=P_GND Pin=R?-2
Added Pin To Net: NetName=P_GND Pin=U?-2
Added Pin To Net: NetName=P_GND Pin=U?-3
Added Pin To Net: NetName=VCC_14V Pin=U?-5
Added Pin To Net: NetName=VCC_14V Pin=U?-7
Added Pin To Net: NetName=VCC_14V Pin=VT?-2
Added Pin To Net: NetName=P_GND Pin=VT?-3
Change Net Name : Old Net Name=P_GND New Net Name=POWERGND
Added Pin To Net: NetName=MOTOR+ Pin=C?-2
Added Pin To Net: NetName=MOTOR+ Pin=U?-6
Added Pin To Net: NetName=MOTOR+ Pin=VT?-2
Added Pin To Net: NetName=MOTOR+ Pin=VT?-3
Added Net: Name=MOTOR+
Added Pin To Net: NetName=NetC?_1 Pin=C?-1
Added Pin To Net: NetName=NetC?_1 Pin=D?-2
Added Pin To Net: NetName=NetC?_1 Pin=U?-8
Added Net: Name=NetC?_1
Added Pin To Net: NetName=NetC?_2 Pin=C?-2
Added Pin To Net: NetName=NetC?_2 Pin=U?-8
Added Net: Name=NetC?_2
Added Pin To Net: NetName=NetD?_2 Pin=D?-2
Added Pin To Net: NetName=NetD?_2 Pin=VT?-2
Added Net: Name=NetD?_2
Added Pin To Net: NetName=NetL?_1 Pin=L?-1
Added Pin To Net: NetName=NetL?_1 Pin=U?-4
Added Net: Name=NetL?_1
Added Pin To Net: NetName=NetR?_1 Pin=R?-1
Added Pin To Net: NetName=NetR?_1 Pin=U?-7
Added Net: Name=NetR?_1
Added Pin To Net: NetName=NetR?_2 Pin=R?-2
Added Pin To Net: NetName=NetR?_2 Pin=VT?-1
Added Net: Name=NetR?_2
Added Pin To Net: NetName=PUMP_PWM Pin=R?-1
Added Net: Name=PUMP_PWM
Added Pin To Net: NetName=PUMP Pin=R?-1
Added Net: Name=PUMP
Added Pin To Net: NetName=VALVES+ Pin=D?-1
Added Pin To Net: NetName=VALVES+ Pin=U?-5
Added Pin To Net: NetName=VALVES+ Pin=VT?-3
Added Net: Name=VALVES+
Added Pin To Net: NetName=VALVES Pin=R?-2
Added Net: Name=VALVES
Added Member To Class: ClassName=23D_ESC_DRIVER Member=Component * POWER_SO_20
Added Member To Class: ClassName=23D_ESC_DRIVER Member=Component * POWER_SO_20
Added Member To Class: ClassName=23D_ESC_DRIVER Member=Component * POWER_SO_20
Added Member To Class: ClassName=23D_ESC_DRIVER Member=Component * POWER_SO_20
Added Member To Class: ClassName=23D_ESC_DRIVER Member=Component C? 50V 10uF
Added Member To Class: ClassName=23D_ESC_DRIVER Member=Component C? 25V 10uF
Added Member To Class: ClassName=23D_ESC_DRIVER Member=Component C? 104
Added Member To Class: ClassName=23D_ESC_DRIVER Member=Component C? 10uf
Added Member To Class: ClassName=23D_ESC_DRIVER Member=Component D? ES1B-E3/61T
Added Member To Class: ClassName=23D_ESC_DRIVER Member=Component D? V40PWM45C
Added Member To Class: ClassName=23D_ESC_DRIVER Member=Component D? Color
Added Member To Class: ClassName=23D_ESC_DRIVER Member=Component D? P6SMB18
Added Member To Class: ClassName=23D_ESC_DRIVER Member=Component J? SMT_Connector
Added Member To Class: ClassName=23D_ESC_DRIVER Member=Component J? SMT_Connector
Added Member To Class: ClassName=23D_ESC_DRIVER Member=Component J? SMT_Connector
Added Member To Class: ClassName=23D_ESC_DRIVER Member=Component L? 100uH
Added Member To Class: ClassName=23D_ESC_DRIVER Member=Component R? 1K
Added Member To Class: ClassName=23D_ESC_DRIVER Member=Component R? 1K
Added Member To Class: ClassName=23D_ESC_DRIVER Member=Component R? 10R
Added Member To Class: ClassName=23D_ESC_DRIVER Member=Component R? 330R
Added Member To Class: ClassName=23D_ESC_DRIVER Member=Component R? 6R8
Added Member To Class: ClassName=23D_ESC_DRIVER Member=Component R? 1k
Added Member To Class: ClassName=23D_ESC_DRIVER Member=Component R? 10k
Added Member To Class: ClassName=23D_ESC_DRIVER Member=Component U? IR2184
Added Member To Class: ClassName=23D_ESC_DRIVER Member=Component U? AUIR3241S
Added Member To Class: ClassName=23D_ESC_DRIVER Member=Component VT? STB170NF04
Added Member To Class: ClassName=23D_ESC_DRIVER Member=Component VT? STB170NF04
Added Member To Class: ClassName=23D_ESC_DRIVER Member=Component VT? SQD40N06
Added Room: Name=23D_ESC_DRIVER
