Removed Pin From Net: NetName=VCC_14V Pin=R3-1
Removed Pin From Net: NetName=NetD5_1 Pin=R3-2
Removed Member From Class: ClassName=23D_ESC_DRIVER Member=C23
Change Component Designator: OldDesignator=C10 NewDesignator=C9
Change Component Designator: OldDesignator=C11 NewDesignator=C10
Change Component Designator: OldDesignator=C12 NewDesignator=C11
Change Component Designator: OldDesignator=C13 NewDesignator=C12
Change Component Designator: OldDesignator=C14 NewDesignator=C13
Change Component Designator: OldDesignator=C15 NewDesignator=C14
Change Component Designator: OldDesignator=C16 NewDesignator=C15
Change Component Designator: OldDesignator=C17 NewDesignator=C16
Change Component Designator: OldDesignator=C18 NewDesignator=C17
Change Component Designator: OldDesignator=C19 NewDesignator=C18
Change Component Designator: OldDesignator=C20 NewDesignator=C19
Change Component Designator: OldDesignator=C21 NewDesignator=C20
Change Component Designator: OldDesignator=C22 NewDesignator=C21
Change Component Designator: OldDesignator=C23 NewDesignator=C22
Change Component Designator: OldDesignator=D? NewDesignator=D1
Added Component: Designator=R1(R 0805)
Added Component: Designator=R2(R 0805)
Added Component: Designator=R3(R 0805)
Added Component: Designator=R4(R 0805)
Added Component: Designator=R5(R 0603)
Added Component: Designator=R6(R 0805)
Added Component: Designator=R7(R 0805)
Added Component: Designator=R8(R 0603)
Added Pin To Net: NetName=VCC_14V Pin=D4-2
Added Pin To Net: NetName=VALVES_ENABLE Pin=R1-1
Added Pin To Net: NetName=NetR2_1 Pin=R2-1
Added Pin To Net: NetName=NetQ1_1 Pin=R2-2
Added Pin To Net: NetName=NetD5_1 Pin=R3-1
Added Pin To Net: NetName=VCC_14V Pin=R3-2
Added Pin To Net: NetName=PUMP_PWM Pin=R4-1
Added Pin To Net: NetName=NetR4_2 Pin=R4-2
Added Pin To Net: NetName=POWERGND Pin=R5-1
Added Pin To Net: NetName=NetR5_2 Pin=R5-2
Added Pin To Net: NetName=NetR6_1 Pin=R6-1
Added Pin To Net: NetName=VCC_14V Pin=R6-2
Added Pin To Net: NetName=PUMP_ENABLE Pin=R7-1
Added Pin To Net: NetName=NetR7_2 Pin=R7-2
Added Pin To Net: NetName=NetR8_1 Pin=R8-1
Added Pin To Net: NetName=NetQ2_1 Pin=R8-2
Added Pin To Net: NetName=VCC_14V Pin=VT1-1
Added Member To Class: ClassName=23D_ESC_DRIVER Member=Component R1 1K
Added Member To Class: ClassName=23D_ESC_DRIVER Member=Component R2 10R
Added Member To Class: ClassName=23D_ESC_DRIVER Member=Component R4 1K
Added Member To Class: ClassName=23D_ESC_DRIVER Member=Component R5 6.8R@Ipeak=167mA
Added Member To Class: ClassName=23D_ESC_DRIVER Member=Component R6 330R
Added Member To Class: ClassName=23D_ESC_DRIVER Member=Component R7 1K
Added Member To Class: ClassName=23D_ESC_DRIVER Member=Component R8 10R
