Removed Pin From Net: NetName=RSTB1_OUT Pin=4-2
Removed Pin From Net: NetName=RSTB1_STA Pin=4-3
Removed Pin From Net: NetName=RSTB1_PWM Pin=4-4
Removed Pin From Net: NetName=RSTB2_PWM Pin=4-17
Removed Pin From Net: NetName=RSTB2_STA Pin=4-18
Removed Pin From Net: NetName=RSTB2_OUT Pin=4-19
Removed Pin From Net: NetName=RSTB1_OUT Pin=D23-1
Removed Pin From Net: NetName=VALVES+ Pin=D23-2
Removed Pin From Net: NetName=RSTB2_OUT Pin=D24-1
Removed Pin From Net: NetName=VALVES+ Pin=D24-2
Change Component Designator: OldDesignator=C1 NewDesignator=C2
Change Component Designator: OldDesignator=C2 NewDesignator=C3
Change Component Designator: OldDesignator=C3 NewDesignator=C1
Change Component Designator: OldDesignator=D4 NewDesignator=D5
Change Component Designator: OldDesignator=D5 NewDesignator=D4
Change Component Designator: OldDesignator=D25 NewDesignator=D23
Change Component Designator: OldDesignator=R1 NewDesignator=R5
Change Component Designator: OldDesignator=R2 NewDesignator=R1
Change Component Designator: OldDesignator=R3 NewDesignator=R2
Change Component Designator: OldDesignator=R4 NewDesignator=R3
Change Component Designator: OldDesignator=R5 NewDesignator=R6
Change Component Designator: OldDesignator=R6 NewDesignator=R7
Change Component Designator: OldDesignator=R7 NewDesignator=R4
Change Component Designator: OldDesignator=U1 NewDesignator=U2
Change Component Designator: OldDesignator=U2 NewDesignator=U1
Added Component: Designator=D24(DO-214)
Added Component: Designator=D25(DO-214)
Added Pin To Net: NetName=RSTB1_PWM Pin=4-7
Added Pin To Net: NetName=RSTB1_STA Pin=4-8
Added Pin To Net: NetName=RSTB1_OUT Pin=4-9
Added Pin To Net: NetName=RSTB2_OUT Pin=4-12
Added Pin To Net: NetName=RSTB2_STA Pin=4-13
Added Pin To Net: NetName=RSTB2_PWM Pin=4-14
Added Pin To Net: NetName=RSTB1_OUT Pin=D24-1
Added Pin To Net: NetName=VALVES+ Pin=D24-2
Added Pin To Net: NetName=RSTB2_OUT Pin=D25-1
Added Pin To Net: NetName=VALVES+ Pin=D25-2
Change Net Name : Old Net Name=NetC1_1 New Net Name=NetC2_1
Change Net Name : Old Net Name=NetC3_2 New Net Name=NetC1_2
Change Net Name : Old Net Name=NetD4_2 New Net Name=NetD5_2
Change Net Name : Old Net Name=NetD5_1 New Net Name=NetD4_1
Change Net Name : Old Net Name=NetR1_2 New Net Name=NetR5_2
Change Net Name : Old Net Name=NetR2_1 New Net Name=NetR1_1
Change Net Name : Old Net Name=NetR4_2 New Net Name=NetR3_2
Change Net Name : Old Net Name=NetR5_2 New Net Name=NetR6_2
Change Net Name : Old Net Name=NetR6_1 New Net Name=NetR7_1
Change Net Name : Old Net Name=NetR7_2 New Net Name=NetR4_2
Added Room: Name=23D_ESC_DRIVER
