Removed Pin From Net: NetName=VCC_14V Pin=C?-1
Removed Pin From Net: NetName=VCC_14V Pin=C?-2
Removed Pin From Net: NetName=RFI_STA Pin=J?-8
Removed Pin From Net: NetName=VCC_14V Pin=VT?-2
Removed Pin From Net: NetName=POWERGND Pin=VT?-3
Change Component Designator: OldDesignator=* NewDesignator=1
Change Component Designator: OldDesignator=*? NewDesignator=2
Change Component Designator: OldDesignator=*? NewDesignator=3
Change Component Designator: OldDesignator=*? NewDesignator=4
Change Component Designator: OldDesignator=C? NewDesignator=C9
Change Component Designator: OldDesignator=D? NewDesignator=D3
Change Component Designator: OldDesignator=D? NewDesignator=D5
Change Component Designator: OldDesignator=D? NewDesignator=D10
Change Component Designator: OldDesignator=D? NewDesignator=D15
Change Component Designator: OldDesignator=D? NewDesignator=D20
Change Component Designator: OldDesignator=D? NewDesignator=D25
Change Component Designator: OldDesignator=J? NewDesignator=J1
Change Component Designator: OldDesignator=J? NewDesignator=J2
Change Component Designator: OldDesignator=J? NewDesignator=J3
Change Component Designator: OldDesignator=J? NewDesignator=J4
Change Component Designator: OldDesignator=J? NewDesignator=J7
Change Component Designator: OldDesignator=L? NewDesignator=L1
Change Component Designator: OldDesignator=R? NewDesignator=R3
Change Component Designator: OldDesignator=U? NewDesignator=U1
Change Component Designator: OldDesignator=U? NewDesignator=U2
Change Component Designator: OldDesignator=VT? NewDesignator=VT1
Added Component: Designator=C1(C 0805)
Added Component: Designator=C2(C 0805)
Added Component: Designator=C3(C 0805)
Added Component: Designator=C4(CP 3528B)
Added Component: Designator=C5(C 0805)
Added Component: Designator=C6(C 0805)
Added Component: Designator=C7(C 0805)
Added Component: Designator=C8(C 0805)
Added Component: Designator=C10(C 0805)
Added Component: Designator=C11(C 0805)
Added Component: Designator=C12(C 0805)
Added Component: Designator=C13(C 0805)
Added Component: Designator=C14(C 0805)
Added Component: Designator=C15(C 0805)
Added Component: Designator=C16(C 0805)
Added Component: Designator=C17(C 0805)
Added Component: Designator=C18(C 0805)
Added Component: Designator=C19(C 0805)
Added Component: Designator=C20(C 0805)
Added Component: Designator=C21(C 0805)
Added Component: Designator=C22(C 0805)
Added Component: Designator=C23(C 0805)
Added Component: Designator=CN1(CONN-TH_MX34032NF2)
Added Component: Designator=D2(TO252_DIO)
Added Component: Designator=D4(LL34)
Added Component: Designator=D6(LED_0805)
Added Component: Designator=D7(LED_0805)
Added Component: Designator=D8(DO-214)
Added Component: Designator=D9(DO-214)
Added Component: Designator=D11(DO-214)
Added Component: Designator=D12(DO-214)
Added Component: Designator=D13(DO-214)
Added Component: Designator=D14(DO-214)
Added Component: Designator=D16(DO-214)
Added Component: Designator=D17(DO-214)
Added Component: Designator=D18(DO-214)
Added Component: Designator=D19(DO-214)
Added Component: Designator=D21(DO-214)
Added Component: Designator=D22(DO-214)
Added Component: Designator=D23(DO-214)
Added Component: Designator=D24(DO-214)
Added Component: Designator=D?(DO-214)
Added Component: Designator=J5(HDR-TH_20P-P2.54-V-M-1)
Added Component: Designator=J6(HDR-TH_20P-P2.54-V-M-1)
Added Component: Designator=L2(L 0805)
Added Component: Designator=L3(L 0805)
Added Component: Designator=L4(L 0805)
Added Component: Designator=L5(L 0805)
Added Component: Designator=Q1(TO-252-2_L6.6-W6.1-P4.58-LS9.9-BR)
Added Component: Designator=Q2(TO-252-2_L6.6-W6.1-P4.58-LS9.9-BR)
Added Pin To Net: NetName=LFI_STA Pin=1-3
Added Pin To Net: NetName=RFI_STA Pin=1-8
Added Pin To Net: NetName=RFO_STA Pin=1-13
Added Pin To Net: NetName=LFO_STA Pin=1-18
Added Pin To Net: NetName=LBI_STA Pin=2-3
Added Pin To Net: NetName=RBI_STA Pin=2-8
Added Pin To Net: NetName=RBO_STA Pin=2-13
Added Pin To Net: NetName=LBO_STA Pin=2-18
Added Pin To Net: NetName=RTC_STA Pin=3-3
Added Pin To Net: NetName=LSTB1_STA Pin=3-8
Added Pin To Net: NetName=LSTB2_STA Pin=3-13
Added Pin To Net: NetName=LTC_STA Pin=3-18
Added Pin To Net: NetName=RSTB1_STA Pin=4-3
Added Pin To Net: NetName=RSTB2_STA Pin=4-18
Added Pin To Net: NetName=VCC_14V Pin=C1-2
Added Pin To Net: NetName=VCC_14V Pin=C2-1
Added Pin To Net: NetName=POWERGND Pin=C2-2
Added Pin To Net: NetName=MOTOR+ Pin=C3-1
Added Pin To Net: NetName=VCC_14V Pin=C4-1
Added Pin To Net: NetName=POWERGND Pin=C4-2
Added Pin To Net: NetName=POWERGND Pin=C5-1
Added Pin To Net: NetName=VCC_14V Pin=C5-2
Added Pin To Net: NetName=POWERGND Pin=C6-1
Added Pin To Net: NetName=VCC_14V Pin=C6-2
Added Pin To Net: NetName=POWERGND Pin=C7-1
Added Pin To Net: NetName=VCC_14V Pin=C7-2
Added Pin To Net: NetName=POWERGND Pin=C8-1
Added Pin To Net: NetName=VCC_14V Pin=C8-2
Added Pin To Net: NetName=POWERGND Pin=C10-1
Added Pin To Net: NetName=POWERGND Pin=C11-2
Added Pin To Net: NetName=POWERGND Pin=C12-1
Added Pin To Net: NetName=POWERGND Pin=C13-2
Added Pin To Net: NetName=POWERGND Pin=C14-1
Added Pin To Net: NetName=POWERGND Pin=C15-2
Added Pin To Net: NetName=POWERGND Pin=C16-1
Added Pin To Net: NetName=POWERGND Pin=C17-2
Added Pin To Net: NetName=POWERGND Pin=C18-1
Added Pin To Net: NetName=POWERGND Pin=C19-2
Added Pin To Net: NetName=POWERGND Pin=C20-1
Added Pin To Net: NetName=POWERGND Pin=C21-2
Added Pin To Net: NetName=POWERGND Pin=C22-1
Added Pin To Net: NetName=POWERGND Pin=C23-2
Added Pin To Net: NetName=POWERGND Pin=CN1-1
Added Pin To Net: NetName=MOTOR+ Pin=CN1-2
Added Pin To Net: NetName=POWERGND Pin=CN1-3
Added Pin To Net: NetName=MOTOR+ Pin=CN1-4
Added Pin To Net: NetName=VALVES+ Pin=CN1-7
Added Pin To Net: NetName=VALVES+ Pin=CN1-8
Added Pin To Net: NetName=VALVES+ Pin=CN1-12
Added Pin To Net: NetName=VALVES+ Pin=CN1-13
Added Pin To Net: NetName=VALVES+ Pin=CN1-16
Added Pin To Net: NetName=VALVES+ Pin=CN1-17
Added Pin To Net: NetName=VALVES+ Pin=CN1-19
Added Pin To Net: NetName=VALVES+ Pin=CN1-20
Added Pin To Net: NetName=VALVES+ Pin=CN1-23
Added Pin To Net: NetName=VALVES+ Pin=CN1-24
Added Pin To Net: NetName=VALVES+ Pin=CN1-28
Added Pin To Net: NetName=VALVES+ Pin=CN1-29
Added Pin To Net: NetName=VCC_14V Pin=D2-1
Added Pin To Net: NetName=VCC_14V Pin=D2-1
Added Pin To Net: NetName=POWERGND Pin=D3-2
Added Pin To Net: NetName=VALVES+ Pin=D4-1
Added Pin To Net: NetName=POWERGND Pin=D6-2
Added Pin To Net: NetName=POWERGND Pin=D7-2
Added Pin To Net: NetName=VALVES+ Pin=D8-2
Added Pin To Net: NetName=VALVES+ Pin=D9-2
Added Pin To Net: NetName=VALVES+ Pin=D11-2
Added Pin To Net: NetName=VALVES+ Pin=D12-2
Added Pin To Net: NetName=VALVES+ Pin=D13-2
Added Pin To Net: NetName=VALVES+ Pin=D14-2
Added Pin To Net: NetName=VALVES+ Pin=D16-2
Added Pin To Net: NetName=VALVES+ Pin=D17-2
Added Pin To Net: NetName=VALVES+ Pin=D18-2
Added Pin To Net: NetName=VALVES+ Pin=D19-2
Added Pin To Net: NetName=VALVES+ Pin=D21-2
Added Pin To Net: NetName=VALVES+ Pin=D22-2
Added Pin To Net: NetName=VALVES+ Pin=D23-2
Added Pin To Net: NetName=VALVES+ Pin=D24-2
Added Pin To Net: NetName=VCC_14V Pin=D?-1
Added Pin To Net: NetName=PUMP_PWM Pin=J5-4
Added Pin To Net: NetName=PUMP_ENABLE Pin=J5-11
Added Pin To Net: NetName=NETLABEL740 Pin=J5-12
Added Pin To Net: NetName=VALVES_ENABLE Pin=J5-13
Added Pin To Net: NetName=POWERGND Pin=J6-1
Added Pin To Net: NetName=POWERGND Pin=J6-2
Added Pin To Net: NetName=VCC_14V Pin=J6-3
Added Pin To Net: NetName=VCC_14V Pin=J6-4
Added Pin To Net: NetName=RFO_STA Pin=J6-7
Added Pin To Net: NetName=RFI_STA Pin=J6-8
Added Pin To Net: NetName=RBI_STA Pin=J6-9
Added Pin To Net: NetName=RBO_STA Pin=J6-10
Added Pin To Net: NetName=LFI_STA Pin=J6-11
Added Pin To Net: NetName=LFO_STA Pin=J6-12
Added Pin To Net: NetName=LBI_STA Pin=J6-13
Added Pin To Net: NetName=LBO_STA Pin=J6-14
Added Pin To Net: NetName=LTC_STA Pin=J6-15
Added Pin To Net: NetName=LSTB1_STA Pin=J6-16
Added Pin To Net: NetName=LSTB2_STA Pin=J6-17
Added Pin To Net: NetName=RTC_STA Pin=J6-18
Added Pin To Net: NetName=RSTB1_STA Pin=J6-19
Added Pin To Net: NetName=RSTB2_STA Pin=J6-20
Added Pin To Net: NetName=POWERGND Pin=J7-1
Added Pin To Net: NetName=POWERGND Pin=J7-2
Added Pin To Net: NetName=POWERGND Pin=J7-3
Added Pin To Net: NetName=POWERGND Pin=J7-4
Added Pin To Net: NetName=POWERGND Pin=J7-5
Added Pin To Net: NetName=POWERGND Pin=J7-6
Added Pin To Net: NetName=POWERGND Pin=J7-7
Added Pin To Net: NetName=POWERGND Pin=J7-8
Added Pin To Net: NetName=POWERGND Pin=J7-9
Added Pin To Net: NetName=POWERGND Pin=J7-10
Added Pin To Net: NetName=POWERGND Pin=J7-11
Added Pin To Net: NetName=POWERGND Pin=J7-12
Added Pin To Net: NetName=POWERGND Pin=J7-13
Added Pin To Net: NetName=POWERGND Pin=J7-14
Added Pin To Net: NetName=POWERGND Pin=J7-15
Added Pin To Net: NetName=POWERGND Pin=J7-16
Added Pin To Net: NetName=POWERGND Pin=J7-17
Added Pin To Net: NetName=POWERGND Pin=J7-18
Added Pin To Net: NetName=POWERGND Pin=J7-19
Added Pin To Net: NetName=POWERGND Pin=J7-20
Added Pin To Net: NetName=POWERGND Pin=L2-1
Added Pin To Net: NetName=POWERGND Pin=L3-1
Added Pin To Net: NetName=POWERGND Pin=L4-1
Added Pin To Net: NetName=POWERGND Pin=L5-1
Added Pin To Net: NetName=VCC_14V Pin=Q1-2
Added Pin To Net: NetName=MOTOR+ Pin=Q1-3
Added Pin To Net: NetName=MOTOR+ Pin=Q2-2
Added Pin To Net: NetName=POWERGND Pin=Q2-3
Added Pin To Net: NetName=VALVES+ Pin=VT1-3
Change Net Name : Old Net Name=Net*?_5 New Net Name=Net4_5
Change Net Name : Old Net Name=Net*_5 New Net Name=Net1_5
Change Net Name : Old Net Name=NetL?_1 New Net Name=NetL1_1
Change Net Name : Old Net Name=NETLABEL740 New Net Name=L9349_ENABLE
Added Pin To Net: NetName=GND1 Pin=1-15
Added Pin To Net: NetName=GND1 Pin=L2-2
Added Net: Name=GND1
Added Pin To Net: NetName=GND2 Pin=2-15
Added Pin To Net: NetName=GND2 Pin=L3-2
Added Net: Name=GND2
Added Pin To Net: NetName=GND3 Pin=3-15
Added Pin To Net: NetName=GND3 Pin=L4-2
Added Net: Name=GND3
Added Pin To Net: NetName=GND4 Pin=4-15
Added Pin To Net: NetName=GND4 Pin=L5-2
Added Net: Name=GND4
Added Pin To Net: NetName=LBI_OUT Pin=2-2
Added Pin To Net: NetName=LBI_OUT Pin=C23-1
Added Pin To Net: NetName=LBI_OUT Pin=CN1-30
Added Pin To Net: NetName=LBI_OUT Pin=D13-1
Added Net: Name=LBI_OUT
Added Pin To Net: NetName=LBI_PWM Pin=2-4
Added Pin To Net: NetName=LBI_PWM Pin=J5-10
Added Net: Name=LBI_PWM
Added Pin To Net: NetName=LBO_OUT Pin=2-19
Added Pin To Net: NetName=LBO_OUT Pin=C15-1
Added Pin To Net: NetName=LBO_OUT Pin=CN1-14
Added Pin To Net: NetName=LBO_OUT Pin=D14-1
Added Net: Name=LBO_OUT
Added Pin To Net: NetName=LBO_PWM Pin=2-17
Added Pin To Net: NetName=LBO_PWM Pin=J5-9
Added Net: Name=LBO_PWM
Added Pin To Net: NetName=LFI_OUT Pin=1-2
Added Pin To Net: NetName=LFI_OUT Pin=C20-2
Added Pin To Net: NetName=LFI_OUT Pin=CN1-25
Added Pin To Net: NetName=LFI_OUT Pin=D8-1
Added Net: Name=LFI_OUT
Added Pin To Net: NetName=LFI_PWM Pin=1-4
Added Pin To Net: NetName=LFI_PWM Pin=J5-16
Added Net: Name=LFI_PWM
Added Pin To Net: NetName=LFO_OUT Pin=1-19
Added Pin To Net: NetName=LFO_OUT Pin=C16-2
Added Pin To Net: NetName=LFO_OUT Pin=CN1-15
Added Pin To Net: NetName=LFO_OUT Pin=D9-1
Added Net: Name=LFO_OUT
Added Pin To Net: NetName=LFO_PWM Pin=1-17
Added Pin To Net: NetName=LFO_PWM Pin=J5-15
Added Net: Name=LFO_PWM
Added Pin To Net: NetName=LSTB1_OUT Pin=3-9
Added Pin To Net: NetName=LSTB1_OUT Pin=C10-2
Added Pin To Net: NetName=LSTB1_OUT Pin=CN1-5
Added Pin To Net: NetName=LSTB1_OUT Pin=D21-1
Added Net: Name=LSTB1_OUT
Added Pin To Net: NetName=LSTB1_PWM Pin=3-7
Added Pin To Net: NetName=LSTB1_PWM Pin=J5-5
Added Net: Name=LSTB1_PWM
Added Pin To Net: NetName=LSTB2_OUT Pin=3-12
Added Pin To Net: NetName=LSTB2_OUT Pin=C12-2
Added Pin To Net: NetName=LSTB2_OUT Pin=CN1-9
Added Pin To Net: NetName=LSTB2_OUT Pin=D22-1
Added Net: Name=LSTB2_OUT
Added Pin To Net: NetName=LSTB2_PWM Pin=3-14
Added Pin To Net: NetName=LSTB2_PWM Pin=J5-3
Added Net: Name=LSTB2_PWM
Added Pin To Net: NetName=LTC_OUT Pin=3-19
Added Pin To Net: NetName=LTC_OUT Pin=C18-2
Added Pin To Net: NetName=LTC_OUT Pin=CN1-21
Added Pin To Net: NetName=LTC_OUT Pin=D19-1
Added Net: Name=LTC_OUT
Added Pin To Net: NetName=LTC_PWM Pin=3-17
Added Pin To Net: NetName=LTC_PWM Pin=J5-6
Added Net: Name=LTC_PWM
Added Pin To Net: NetName=Net2_5 Pin=2-5
Added Pin To Net: NetName=Net2_5 Pin=D15-2
Added Net: Name=Net2_5
Added Pin To Net: NetName=Net3_5 Pin=3-5
Added Pin To Net: NetName=Net3_5 Pin=D20-2
Added Net: Name=Net3_5
Added Pin To Net: NetName=NetC1_1 Pin=C1-1
Added Pin To Net: NetName=NetC1_1 Pin=U1-8
Added Net: Name=NetC1_1
Added Pin To Net: NetName=NetC3_2 Pin=C3-2
Added Pin To Net: NetName=NetC3_2 Pin=D?-2
Added Pin To Net: NetName=NetC3_2 Pin=U2-8
Added Net: Name=NetC3_2
Added Pin To Net: NetName=NetD4_2 Pin=D4-2
Added Pin To Net: NetName=NetD4_2 Pin=VT1-1
Added Net: Name=NetD4_2
Added Pin To Net: NetName=NetD5_1 Pin=D5-1
Added Pin To Net: NetName=NetD5_1 Pin=R3-2
Added Net: Name=NetD5_1
Added Pin To Net: NetName=NetD6_1 Pin=D6-1
Added Net: Name=NetD6_1
Added Pin To Net: NetName=NetD7_1 Pin=D7-1
Added Net: Name=NetD7_1
Added Pin To Net: NetName=NetQ1_1 Pin=Q1-1
Added Net: Name=NetQ1_1
Added Pin To Net: NetName=NetQ2_1 Pin=Q2-1
Added Net: Name=NetQ2_1
Added Pin To Net: NetName=NetR1_2 Pin=U1-1
Added Net: Name=NetR1_2
Added Pin To Net: NetName=NetR2_1 Pin=U2-7
Added Net: Name=NetR2_1
Added Pin To Net: NetName=NetR4_2 Pin=U2-1
Added Net: Name=NetR4_2
Added Pin To Net: NetName=NetR5_2 Pin=U1-3
Added Net: Name=NetR5_2
Added Pin To Net: NetName=NetR6_1 Pin=U1-6
Added Net: Name=NetR6_1
Added Pin To Net: NetName=NetR7_2 Pin=U2-2
Added Net: Name=NetR7_2
Added Pin To Net: NetName=NetR8_1 Pin=U2-4
Added Net: Name=NetR8_1
Added Pin To Net: NetName=RBI_OUT Pin=2-9
Added Pin To Net: NetName=RBI_OUT Pin=C22-2
Added Pin To Net: NetName=RBI_OUT Pin=CN1-27
Added Pin To Net: NetName=RBI_OUT Pin=D16-1
Added Net: Name=RBI_OUT
Added Pin To Net: NetName=RBI_PWM Pin=2-7
Added Pin To Net: NetName=RBI_PWM Pin=J5-8
Added Net: Name=RBI_PWM
Added Pin To Net: NetName=RBO_OUT Pin=2-12
Added Pin To Net: NetName=RBO_OUT Pin=C14-2
Added Pin To Net: NetName=RBO_OUT Pin=CN1-11
Added Pin To Net: NetName=RBO_OUT Pin=D17-1
Added Net: Name=RBO_OUT
Added Pin To Net: NetName=RBO_PWM Pin=2-14
Added Pin To Net: NetName=RBO_PWM Pin=J5-7
Added Net: Name=RBO_PWM
Added Pin To Net: NetName=RFI_OUT Pin=1-9
Added Pin To Net: NetName=RFI_OUT Pin=C21-1
Added Pin To Net: NetName=RFI_OUT Pin=CN1-26
Added Pin To Net: NetName=RFI_OUT Pin=D11-1
Added Net: Name=RFI_OUT
Added Pin To Net: NetName=RFI_PWM Pin=1-7
Added Pin To Net: NetName=RFI_PWM Pin=J5-14
Added Net: Name=RFI_PWM
Added Pin To Net: NetName=RFO_OUT Pin=1-12
Added Pin To Net: NetName=RFO_OUT Pin=C17-1
Added Pin To Net: NetName=RFO_OUT Pin=CN1-18
Added Pin To Net: NetName=RFO_OUT Pin=D12-1
Added Net: Name=RFO_OUT
Added Pin To Net: NetName=RFO_PWM Pin=1-14
Added Pin To Net: NetName=RFO_PWM Pin=J5-20
Added Net: Name=RFO_PWM
Added Pin To Net: NetName=RSTB1_OUT Pin=4-2
Added Pin To Net: NetName=RSTB1_OUT Pin=C13-1
Added Pin To Net: NetName=RSTB1_OUT Pin=CN1-10
Added Pin To Net: NetName=RSTB1_OUT Pin=D23-1
Added Net: Name=RSTB1_OUT
Added Pin To Net: NetName=RSTB1_PWM Pin=4-4
Added Pin To Net: NetName=RSTB1_PWM Pin=J5-19
Added Net: Name=RSTB1_PWM
Added Pin To Net: NetName=RSTB2_OUT Pin=4-19
Added Pin To Net: NetName=RSTB2_OUT Pin=C11-1
Added Pin To Net: NetName=RSTB2_OUT Pin=CN1-6
Added Pin To Net: NetName=RSTB2_OUT Pin=D24-1
Added Net: Name=RSTB2_OUT
Added Pin To Net: NetName=RSTB2_PWM Pin=4-17
Added Pin To Net: NetName=RSTB2_PWM Pin=J5-18
Added Net: Name=RSTB2_PWM
Added Pin To Net: NetName=RTC_OUT Pin=3-2
Added Pin To Net: NetName=RTC_OUT Pin=C19-1
Added Pin To Net: NetName=RTC_OUT Pin=CN1-22
Added Pin To Net: NetName=RTC_OUT Pin=D18-1
Added Net: Name=RTC_OUT
Added Pin To Net: NetName=RTC_PWM Pin=3-4
Added Pin To Net: NetName=RTC_PWM Pin=J5-17
Added Net: Name=RTC_PWM
Added Member To Class: ClassName=23D_ESC_DRIVER Member=Component 3 POWER_SO_20
Added Member To Class: ClassName=23D_ESC_DRIVER Member=Component 4 POWER_SO_20
Added Member To Class: ClassName=23D_ESC_DRIVER Member=Component C1 50V 104
Added Member To Class: ClassName=23D_ESC_DRIVER Member=Component C2 10uF
Added Member To Class: ClassName=23D_ESC_DRIVER Member=Component C3 50V 10uF
Added Member To Class: ClassName=23D_ESC_DRIVER Member=Component C4 25V 10uF
Added Member To Class: ClassName=23D_ESC_DRIVER Member=Component C5 10uF
Added Member To Class: ClassName=23D_ESC_DRIVER Member=Component C6 10uF
Added Member To Class: ClassName=23D_ESC_DRIVER Member=Component C7 10uF
Added Member To Class: ClassName=23D_ESC_DRIVER Member=Component C8 10uF
Added Member To Class: ClassName=23D_ESC_DRIVER Member=Component C10 2.2uF
Added Member To Class: ClassName=23D_ESC_DRIVER Member=Component C11 2.2uF
Added Member To Class: ClassName=23D_ESC_DRIVER Member=Component C12 2.2uF
Added Member To Class: ClassName=23D_ESC_DRIVER Member=Component C13 2.2uF
Added Member To Class: ClassName=23D_ESC_DRIVER Member=Component C14 2.2uF
Added Member To Class: ClassName=23D_ESC_DRIVER Member=Component C15 2.2uF
Added Member To Class: ClassName=23D_ESC_DRIVER Member=Component C16 2.2uF
Added Member To Class: ClassName=23D_ESC_DRIVER Member=Component C17 2.2uF
Added Member To Class: ClassName=23D_ESC_DRIVER Member=Component C18 2.2uF
Added Member To Class: ClassName=23D_ESC_DRIVER Member=Component C19 2.2uF
Added Member To Class: ClassName=23D_ESC_DRIVER Member=Component C20 2.2uF
Added Member To Class: ClassName=23D_ESC_DRIVER Member=Component C21 2.2uF
Added Member To Class: ClassName=23D_ESC_DRIVER Member=Component C22 2.2uF
Added Member To Class: ClassName=23D_ESC_DRIVER Member=Component C23 2.2uF
Added Member To Class: ClassName=23D_ESC_DRIVER Member=Component CN1 MX34032NF2
Added Member To Class: ClassName=23D_ESC_DRIVER Member=Component D2 V40PWM45C
Added Member To Class: ClassName=23D_ESC_DRIVER Member=Component D4 18V
Added Member To Class: ClassName=23D_ESC_DRIVER Member=Component D5 RED
Added Member To Class: ClassName=23D_ESC_DRIVER Member=Component D6 orange
Added Member To Class: ClassName=23D_ESC_DRIVER Member=Component D7 orange
Added Member To Class: ClassName=23D_ESC_DRIVER Member=Component D8 120T3G
Added Member To Class: ClassName=23D_ESC_DRIVER Member=Component D9 120T3G
Added Member To Class: ClassName=23D_ESC_DRIVER Member=Component D10 SS34
Added Member To Class: ClassName=23D_ESC_DRIVER Member=Component D11 120T3G
Added Member To Class: ClassName=23D_ESC_DRIVER Member=Component D12 120T3G
Added Member To Class: ClassName=23D_ESC_DRIVER Member=Component D13 120T3G
Added Member To Class: ClassName=23D_ESC_DRIVER Member=Component D14 120T3G
Added Member To Class: ClassName=23D_ESC_DRIVER Member=Component D15 SS34
Added Member To Class: ClassName=23D_ESC_DRIVER Member=Component D16 120T3G
Added Member To Class: ClassName=23D_ESC_DRIVER Member=Component D17 120T3G
Added Member To Class: ClassName=23D_ESC_DRIVER Member=Component D18 120T3G
Added Member To Class: ClassName=23D_ESC_DRIVER Member=Component D19 120T3G
Added Member To Class: ClassName=23D_ESC_DRIVER Member=Component D20 SS34
Added Member To Class: ClassName=23D_ESC_DRIVER Member=Component D21 120T3G
Added Member To Class: ClassName=23D_ESC_DRIVER Member=Component D22 120T3G
Added Member To Class: ClassName=23D_ESC_DRIVER Member=Component D23 120T3G
Added Member To Class: ClassName=23D_ESC_DRIVER Member=Component D24 120T3G
Added Member To Class: ClassName=23D_ESC_DRIVER Member=Component D25 SS34
Added Member To Class: ClassName=23D_ESC_DRIVER Member=Component D? ES1B-E3/61T
Added Member To Class: ClassName=23D_ESC_DRIVER Member=Component J1 SMT_Connector
Added Member To Class: ClassName=23D_ESC_DRIVER Member=Component J2 SMT_Connector
Added Member To Class: ClassName=23D_ESC_DRIVER Member=Component J3 SMT_Connector
Added Member To Class: ClassName=23D_ESC_DRIVER Member=Component J4 SMT_Connector
Added Member To Class: ClassName=23D_ESC_DRIVER Member=Component J5 2.54-1*20P÷±’Î
Added Member To Class: ClassName=23D_ESC_DRIVER Member=Component J6 2.54-1*20P÷±’Î
Added Member To Class: ClassName=23D_ESC_DRIVER Member=Component L2 Inductor
Added Member To Class: ClassName=23D_ESC_DRIVER Member=Component L3 Inductor
Added Member To Class: ClassName=23D_ESC_DRIVER Member=Component L4 Inductor
Added Member To Class: ClassName=23D_ESC_DRIVER Member=Component L5 Inductor
Added Member To Class: ClassName=23D_ESC_DRIVER Member=Component Q1 LR7843-VB
Added Member To Class: ClassName=23D_ESC_DRIVER Member=Component Q2 LR7843-VB
Added Member To Class: ClassName=23D_ESC_DRIVER Member=Component U2 IR2184
Added Room: Name=23D_ESC_DRIVER
