Removed Pin From Net: NetName=VCC_14V Pin=C?-1
Removed Pin From Net: NetName=VCC_14V Pin=C?-2
Removed Pin From Net: NetName=NetD?_2 Pin=D?-2
Removed Pin From Net: NetName=RFI_STA Pin=J?-8
Removed Pin From Net: NetName=NetR?_2 Pin=R?-2
Removed Pin From Net: NetName=VCC_14V Pin=VT?-2
Removed Pin From Net: NetName=POWERGND Pin=VT?-3
Added Component: Designator=CN?(CONN-TH_MX34032NF2)
Added Component: Designator=D?(DO-214)
Added Component: Designator=D?(DO-214)
Added Component: Designator=J?(HDR-TH_20P-P2.54-V-M-1)
Added Component: Designator=J?(HDR-TH_20P-P2.54-V-M-1)
Added Component: Designator=Q?(TO-252-2_L6.6-W6.1-P4.58-LS9.9-BR)
Added Component: Designator=Q?(TO-252-2_L6.6-W6.1-P4.58-LS9.9-BR)
Added Pin To Net: NetName=LFI_STA Pin=*-3
Added Pin To Net: NetName=RFI_STA Pin=*-8
Added Pin To Net: NetName=RFO_STA Pin=*-13
Added Pin To Net: NetName=LFO_STA Pin=*-18
Added Pin To Net: NetName=LBI_STA Pin=*?-3
Added Pin To Net: NetName=RSTB1_STA Pin=*?-3
Added Pin To Net: NetName=RTC_STA Pin=*?-3
Added Pin To Net: NetName=LSTB1_STA Pin=*?-8
Added Pin To Net: NetName=RBI_STA Pin=*?-8
Added Pin To Net: NetName=LSTB2_STA Pin=*?-13
Added Pin To Net: NetName=RBO_STA Pin=*?-13
Added Pin To Net: NetName=LBO_STA Pin=*?-18
Added Pin To Net: NetName=LTC_STA Pin=*?-18
Added Pin To Net: NetName=RSTB2_STA Pin=*?-18
Added Pin To Net: NetName=NetC?_1 Pin=C?-1
Added Pin To Net: NetName=POWERGND Pin=C?-1
Added Pin To Net: NetName=VCC_14V Pin=C?-1
Added Pin To Net: NetName=MOTOR+ Pin=C?-2
Added Pin To Net: NetName=POWERGND Pin=C?-2
Added Pin To Net: NetName=VCC_14V Pin=C?-2
Added Pin To Net: NetName=VCC_14V Pin=C?-2
Added Pin To Net: NetName=VALVES+ Pin=D?-1
Added Pin To Net: NetName=VCC_14V Pin=D?-1
Added Pin To Net: NetName=VCC_14V Pin=D?-1
Added Pin To Net: NetName=NetC?_1 Pin=D?-2
Added Pin To Net: NetName=NetD?_2 Pin=D?-2
Added Pin To Net: NetName=POWERGND Pin=D?-2
Added Pin To Net: NetName=POWERGND Pin=J?-1
Added Pin To Net: NetName=POWERGND Pin=J?-1
Added Pin To Net: NetName=POWERGND Pin=J?-2
Added Pin To Net: NetName=POWERGND Pin=J?-2
Added Pin To Net: NetName=POWERGND Pin=J?-3
Added Pin To Net: NetName=VCC_14V Pin=J?-3
Added Pin To Net: NetName=POWERGND Pin=J?-4
Added Pin To Net: NetName=PUMP_PWM Pin=J?-4
Added Pin To Net: NetName=VCC_14V Pin=J?-4
Added Pin To Net: NetName=POWERGND Pin=J?-5
Added Pin To Net: NetName=POWERGND Pin=J?-6
Added Pin To Net: NetName=POWERGND Pin=J?-7
Added Pin To Net: NetName=RFO_STA Pin=J?-7
Added Pin To Net: NetName=POWERGND Pin=J?-8
Added Pin To Net: NetName=RFI_STA Pin=J?-8
Added Pin To Net: NetName=POWERGND Pin=J?-9
Added Pin To Net: NetName=RBI_STA Pin=J?-9
Added Pin To Net: NetName=POWERGND Pin=J?-10
Added Pin To Net: NetName=RBO_STA Pin=J?-10
Added Pin To Net: NetName=LFI_STA Pin=J?-11
Added Pin To Net: NetName=POWERGND Pin=J?-11
Added Pin To Net: NetName=PUMP_ENABLE Pin=J?-11
Added Pin To Net: NetName=LFO_STA Pin=J?-12
Added Pin To Net: NetName=NETLABEL740 Pin=J?-12
Added Pin To Net: NetName=POWERGND Pin=J?-12
Added Pin To Net: NetName=LBI_STA Pin=J?-13
Added Pin To Net: NetName=POWERGND Pin=J?-13
Added Pin To Net: NetName=VALVES_ENABLE Pin=J?-13
Added Pin To Net: NetName=LBO_STA Pin=J?-14
Added Pin To Net: NetName=POWERGND Pin=J?-14
Added Pin To Net: NetName=LTC_STA Pin=J?-15
Added Pin To Net: NetName=POWERGND Pin=J?-15
Added Pin To Net: NetName=LSTB1_STA Pin=J?-16
Added Pin To Net: NetName=POWERGND Pin=J?-16
Added Pin To Net: NetName=LSTB2_STA Pin=J?-17
Added Pin To Net: NetName=POWERGND Pin=J?-17
Added Pin To Net: NetName=POWERGND Pin=J?-18
Added Pin To Net: NetName=RTC_STA Pin=J?-18
Added Pin To Net: NetName=POWERGND Pin=J?-19
Added Pin To Net: NetName=RSTB1_STA Pin=J?-19
Added Pin To Net: NetName=POWERGND Pin=J?-20
Added Pin To Net: NetName=RSTB2_STA Pin=J?-20
Added Pin To Net: NetName=NetR?_1 Pin=R?-1
Added Pin To Net: NetName=POWERGND Pin=R?-1
Added Pin To Net: NetName=PUMP_ENABLE Pin=R?-1
Added Pin To Net: NetName=PUMP_PWM Pin=R?-1
Added Pin To Net: NetName=VALVES_ENABLE Pin=R?-1
Added Pin To Net: NetName=NetD?_1 Pin=R?-2
Added Pin To Net: NetName=NetD?_2 Pin=R?-2
Added Pin To Net: NetName=NetR?_2 Pin=R?-2
Added Pin To Net: NetName=MOTOR+ Pin=VT?-2
Added Pin To Net: NetName=VCC_14V Pin=VT?-2
Added Pin To Net: NetName=MOTOR+ Pin=VT?-3
Added Pin To Net: NetName=POWERGND Pin=VT?-3
Added Pin To Net: NetName=VALVES+ Pin=VT?-3
Change Net Name : Old Net Name=NETLABEL740 New Net Name=L9349_ENABLE
Added Pin To Net: NetName=LBI_OUT Pin=*?-2
Added Net: Name=LBI_OUT
Added Pin To Net: NetName=LBI_PWM Pin=*?-4
Added Pin To Net: NetName=LBI_PWM Pin=J?-10
Added Net: Name=LBI_PWM
Added Pin To Net: NetName=LBO_OUT Pin=*?-19
Added Net: Name=LBO_OUT
Added Pin To Net: NetName=LBO_PWM Pin=*?-17
Added Pin To Net: NetName=LBO_PWM Pin=J?-9
Added Net: Name=LBO_PWM
Added Pin To Net: NetName=LFI_OUT Pin=*-2
Added Net: Name=LFI_OUT
Added Pin To Net: NetName=LFI_PWM Pin=*-4
Added Pin To Net: NetName=LFI_PWM Pin=J?-16
Added Net: Name=LFI_PWM
Added Pin To Net: NetName=LFO_OUT Pin=*-19
Added Net: Name=LFO_OUT
Added Pin To Net: NetName=LFO_PWM Pin=*-17
Added Pin To Net: NetName=LFO_PWM Pin=J?-15
Added Net: Name=LFO_PWM
Added Pin To Net: NetName=LSTB1_OUT Pin=*?-9
Added Net: Name=LSTB1_OUT
Added Pin To Net: NetName=LSTB1_PWM Pin=*?-7
Added Pin To Net: NetName=LSTB1_PWM Pin=J?-5
Added Net: Name=LSTB1_PWM
Added Pin To Net: NetName=LSTB2_OUT Pin=*?-12
Added Net: Name=LSTB2_OUT
Added Pin To Net: NetName=LSTB2_PWM Pin=*?-14
Added Pin To Net: NetName=LSTB2_PWM Pin=J?-3
Added Net: Name=LSTB2_PWM
Added Pin To Net: NetName=LTC_OUT Pin=*?-19
Added Net: Name=LTC_OUT
Added Pin To Net: NetName=LTC_PWM Pin=*?-17
Added Pin To Net: NetName=LTC_PWM Pin=J?-6
Added Net: Name=LTC_PWM
Added Pin To Net: NetName=RBI_OUT Pin=*?-9
Added Net: Name=RBI_OUT
Added Pin To Net: NetName=RBI_PWM Pin=*?-7
Added Pin To Net: NetName=RBI_PWM Pin=J?-8
Added Net: Name=RBI_PWM
Added Pin To Net: NetName=RBO_OUT Pin=*?-12
Added Net: Name=RBO_OUT
Added Pin To Net: NetName=RBO_PWM Pin=*?-14
Added Pin To Net: NetName=RBO_PWM Pin=J?-7
Added Net: Name=RBO_PWM
Added Pin To Net: NetName=RFI_OUT Pin=*-9
Added Net: Name=RFI_OUT
Added Pin To Net: NetName=RFI_PWM Pin=*-7
Added Pin To Net: NetName=RFI_PWM Pin=J?-14
Added Net: Name=RFI_PWM
Added Pin To Net: NetName=RFO_OUT Pin=*-12
Added Net: Name=RFO_OUT
Added Pin To Net: NetName=RFO_PWM Pin=*-14
Added Pin To Net: NetName=RFO_PWM Pin=J?-20
Added Net: Name=RFO_PWM
Added Pin To Net: NetName=RSTB1_OUT Pin=*?-2
Added Net: Name=RSTB1_OUT
Added Pin To Net: NetName=RSTB1_PWM Pin=*?-4
Added Pin To Net: NetName=RSTB1_PWM Pin=J?-19
Added Net: Name=RSTB1_PWM
Added Pin To Net: NetName=RSTB2_OUT Pin=*?-19
Added Net: Name=RSTB2_OUT
Added Pin To Net: NetName=RSTB2_PWM Pin=*?-17
Added Pin To Net: NetName=RSTB2_PWM Pin=J?-18
Added Net: Name=RSTB2_PWM
Added Pin To Net: NetName=RTC_OUT Pin=*?-2
Added Net: Name=RTC_OUT
Added Pin To Net: NetName=RTC_PWM Pin=*?-4
Added Pin To Net: NetName=RTC_PWM Pin=J?-17
Added Net: Name=RTC_PWM
Added Member To Class: ClassName=23D_ESC_DRIVER Member=Component *? POWER_SO_20
Added Member To Class: ClassName=23D_ESC_DRIVER Member=Component *? POWER_SO_20
Added Member To Class: ClassName=23D_ESC_DRIVER Member=Component C? 50V 10uF
Added Member To Class: ClassName=23D_ESC_DRIVER Member=Component C? 25V 10uF
Added Member To Class: ClassName=23D_ESC_DRIVER Member=Component C? 50V 104
Added Member To Class: ClassName=23D_ESC_DRIVER Member=Component C? Cap vol
Added Member To Class: ClassName=23D_ESC_DRIVER Member=Component CN? MX34032NF2
Added Member To Class: ClassName=23D_ESC_DRIVER Member=Component D? 120T3G
Added Member To Class: ClassName=23D_ESC_DRIVER Member=Component D? 120T3G
Added Member To Class: ClassName=23D_ESC_DRIVER Member=Component D? SS34
Added Member To Class: ClassName=23D_ESC_DRIVER Member=Component D? SS34
Added Member To Class: ClassName=23D_ESC_DRIVER Member=Component D? SS34
Added Member To Class: ClassName=23D_ESC_DRIVER Member=Component D? SS34
Added Member To Class: ClassName=23D_ESC_DRIVER Member=Component D? ES1B-E3/61T
Added Member To Class: ClassName=23D_ESC_DRIVER Member=Component D? 18V
Added Member To Class: ClassName=23D_ESC_DRIVER Member=Component D? V40PWM45C
Added Member To Class: ClassName=23D_ESC_DRIVER Member=Component D? P6SMB18
Added Member To Class: ClassName=23D_ESC_DRIVER Member=Component J? 2.54-1*20P÷±’Î
Added Member To Class: ClassName=23D_ESC_DRIVER Member=Component J? 2.54-1*20P÷±’Î
Added Member To Class: ClassName=23D_ESC_DRIVER Member=Component J? SMT_Connector
Added Member To Class: ClassName=23D_ESC_DRIVER Member=Component J? SMT_Connector
Added Member To Class: ClassName=23D_ESC_DRIVER Member=Component J? SMT_Connector
Added Member To Class: ClassName=23D_ESC_DRIVER Member=Component J? SMT_Connector
Added Member To Class: ClassName=23D_ESC_DRIVER Member=Component Q? LR7843-VB
Added Member To Class: ClassName=23D_ESC_DRIVER Member=Component Q? LR7843-VB
Added Member To Class: ClassName=23D_ESC_DRIVER Member=Component R? 1K
Added Member To Class: ClassName=23D_ESC_DRIVER Member=Component R? 1K
Added Member To Class: ClassName=23D_ESC_DRIVER Member=Component R? 10R
Added Member To Class: ClassName=23D_ESC_DRIVER Member=Component R? 10R
Added Member To Class: ClassName=23D_ESC_DRIVER Member=Component R? 1K
Added Member To Class: ClassName=23D_ESC_DRIVER Member=Component R? 330R
Added Member To Class: ClassName=23D_ESC_DRIVER Member=Component R? 6.8R@Ipeak=167mA
Added Member To Class: ClassName=23D_ESC_DRIVER Member=Component U? AUIR3241S
Added Member To Class: ClassName=23D_ESC_DRIVER Member=Component VT? STB170NF04
Added Member To Class: ClassName=23D_ESC_DRIVER Member=Component VT? STB170NF04
Added Room: Name=23D_ESC_DRIVER
