Removed Pin From Net: NetName=R_STB2 Pin=C36-1
Removed Pin From Net: NetName=P_GND Pin=C36-2
Removed Pin From Net: NetName=R_STB1 Pin=C37-1
Removed Pin From Net: NetName=P_GND Pin=C37-2
Removed Pin From Net: NetName=R_STB2 Pin=D19-1
Removed Pin From Net: NetName=R_STB1 Pin=D20-1
Removed Pin From Net: NetName=VALVES+ Pin=U7-5
Removed Pin From Net: NetName=LF_OUP Pin=U7-6
Removed Pin From Net: NetName=L_STB2 Pin=U7-7
Removed Pin From Net: NetName=VALVES+ Pin=U7-8
Removed Pin From Net: NetName=L_STB1 Pin=U7-9
Removed Pin From Net: NetName=R_STB2 Pin=U7-17
Removed Pin From Net: NetName=R_STB1 Pin=U7-19
Added Pin To Net: NetName=R_STB1 Pin=C36-1
Added Pin To Net: NetName=R_STB2 Pin=C37-1
Added Pin To Net: NetName=R_STB1 Pin=D19-1
Added Pin To Net: NetName=R_STB2 Pin=D20-1
Added Pin To Net: NetName=LF_OUP Pin=U7-5
Added Pin To Net: NetName=L_STB2 Pin=U7-6
Added Pin To Net: NetName=VALVES+ Pin=U7-7
Added Pin To Net: NetName=L_STB1 Pin=U7-8
Added Pin To Net: NetName=R_STB2 Pin=U7-9
Added Pin To Net: NetName=R_STB1 Pin=U7-11
Added Pin To Net: NetName=VALVES+ Pin=U7-17
Added Pin To Net: NetName=VALVES+ Pin=U7-19
Added Pin To Net: NetName=VALVES+ Pin=U7-20
Added Pin To Net: NetName=NetC36_2 Pin=C36-2
Added Pin To Net: NetName=NetC36_2 Pin=C37-2
Added Net: Name=NetC36_2
Added Member To Class: ClassName=HRT_D ER100 V1.0 Member=Component U3 L9348
Added Room: Name=HRT_D ER100 V1.0
