Removed Pin From Net: NetName=LB_INP Pin=C25-1
Removed Pin From Net: NetName=P_GND Pin=C25-2
Removed Pin From Net: NetName=RF_INP Pin=C26-1
Removed Pin From Net: NetName=P_GND Pin=C26-2
Removed Pin From Net: NetName=P_GND Pin=C32-1
Removed Pin From Net: NetName=L_STB1 Pin=C32-2
Removed Pin From Net: NetName=P_GND Pin=C33-1
Removed Pin From Net: NetName=L_STB2 Pin=C33-2
Removed Pin From Net: NetName=R_TC Pin=C34-1
Removed Pin From Net: NetName=P_GND Pin=C34-2
Removed Pin From Net: NetName=R_STB1 Pin=C36-1
Removed Pin From Net: NetName=P_GND Pin=C36-2
Removed Pin From Net: NetName=R_STB2 Pin=C37-1
Removed Pin From Net: NetName=P_GND Pin=C37-2
Removed Pin From Net: NetName=R_TC Pin=U7-2
Removed Pin From Net: NetName=LB_OUP Pin=U7-3
Removed Pin From Net: NetName=RB_OUP Pin=U7-4
Removed Pin From Net: NetName=RF_OUP Pin=U7-5
Removed Pin From Net: NetName=VALVES+ Pin=U7-7
Removed Pin From Net: NetName=L_STB1 Pin=U7-8
Removed Pin From Net: NetName=R_STB2 Pin=U7-9
Removed Pin From Net: NetName=VALVES+ Pin=U7-10
Removed Pin From Net: NetName=R_STB1 Pin=U7-11
Removed Pin From Net: NetName=VALVES+ Pin=U7-12
Removed Pin From Net: NetName=L_TC Pin=U7-13
Removed Pin From Net: NetName=RB_INP Pin=U7-14
Removed Pin From Net: NetName=LF_INP Pin=U7-26
Removed Pin From Net: NetName=LB_INP Pin=U7-27
Removed Pin From Net: NetName=RF_INP Pin=U7-28
Added Pin To Net: NetName=P_GND Pin=C25-1
Added Pin To Net: NetName=LB_INP Pin=C25-2
Added Pin To Net: NetName=P_GND Pin=C26-1
Added Pin To Net: NetName=RF_INP Pin=C26-2
Added Pin To Net: NetName=L_STB1 Pin=C32-1
Added Pin To Net: NetName=P_GND Pin=C32-2
Added Pin To Net: NetName=L_STB2 Pin=C33-1
Added Pin To Net: NetName=P_GND Pin=C33-2
Added Pin To Net: NetName=P_GND Pin=C34-1
Added Pin To Net: NetName=R_TC Pin=C34-2
Added Pin To Net: NetName=P_GND Pin=C36-1
Added Pin To Net: NetName=R_STB1 Pin=C36-2
Added Pin To Net: NetName=P_GND Pin=C37-1
Added Pin To Net: NetName=R_STB2 Pin=C37-2
Added Pin To Net: NetName=LB_OUP Pin=U7-2
Added Pin To Net: NetName=R_STB1 Pin=U7-3
Added Pin To Net: NetName=R_STB2 Pin=U7-4
Added Pin To Net: NetName=L_STB1 Pin=U7-5
Added Pin To Net: NetName=LB_INP Pin=U7-7
Added Pin To Net: NetName=RF_OUP Pin=U7-8
Added Pin To Net: NetName=R_TC Pin=U7-9
Added Pin To Net: NetName=RF_INP Pin=U7-10
Added Pin To Net: NetName=L_TC Pin=U7-11
Added Pin To Net: NetName=RB_INP Pin=U7-12
Added Pin To Net: NetName=LF_INP Pin=U7-13
Added Pin To Net: NetName=RB_OUP Pin=U7-14
Added Room: Name=HRT_D ER100 V1.0
