Removed Pin From Net: NetName=GND Pin=P1-1
Removed Pin From Net: NetName=VCC_3V3 Pin=P1-2
Removed Pin From Net: NetName=SWIO Pin=P1-3
Removed Pin From Net: NetName=SWCLK Pin=P1-4
Removed Pin From Net: NetName=CAN_IN_L Pin=P1-5
Removed Pin From Net: NetName=CAN_H Pin=P1-6
Removed Pin From Net: NetName=CAN_H Pin=P1-6
Removed Pin From Net: NetName=VCC_24V Pin=P1-7
Removed Pin From Net: NetName=GND_D Pin=P1-8
Removed Pin From Net: NetName=CAN_IN_L Pin=P1-11
Removed Pin From Net: NetName=CAN_H Pin=P1-12
Removed Pin From Net: NetName=CAN_H Pin=P1-12
Added Pin To Net: NetName=CAN_H Pin=P1-1
Added Pin To Net: NetName=CAN_IN_L Pin=P1-2
Added Pin To Net: NetName=SWCLK Pin=P1-3
Added Pin To Net: NetName=SWIO Pin=P1-4
Added Pin To Net: NetName=VCC_3V3 Pin=P1-5
Added Pin To Net: NetName=GND Pin=P1-6
Added Pin To Net: NetName=GND Pin=P1-6
Added Pin To Net: NetName=CAN_H Pin=P1-7
Added Pin To Net: NetName=CAN_IN_L Pin=P1-8
Added Pin To Net: NetName=GND_D Pin=P1-11
Added Pin To Net: NetName=VCC_24V Pin=P1-12
Added Pin To Net: NetName=VCC_24V Pin=P1-12
Added Room: Name=Controller
